[2016-12-23 15:46:34.334] [INFO] resLogger - 
*************** response log start ***************
request method: GET
request originalUrl:  /
request client ip:  ::ffff:127.0.0.1
request query:  {}
response time: 420
response status: 200
response body: 
"<!DOCTYPE html><html><head><title>智慧乡村</title><meta charset=\"utf-8\"><meta name=\"viewport\" content=\"width=device-width,initial-scale=1,maximum-scale=1,user-scalable=no\"><link rel=\"stylesheet\" href=\"/stylesheets/front/style.min.css\"><script src=\"//cdn.bootcss.com/react/15.3.2/react.min.js\"></script><script src=\"//cdn.bootcss.com/react/15.3.2/react-dom.min.js\"></script></head><body><div id=\"loading\" class=\"css-loading\"><div class=\"css-dot\"></div><div class=\"css-dot\"></div><div class=\"css-dot\"></div></div><div id=\"page_holder\"><div class=\"css-loading\"><div class=\"css-dot\"></div><div class=\"css-dot\"></div><div class=\"css-dot\"></div></div></div><script src=\"/javascripts/front-home_page.js\"></script></body></html>"
*************** response log end ***************

[2016-12-23 15:46:36.525] [INFO] resLogger - 
*************** response log start ***************
request method: GET
request originalUrl:  /
request client ip:  ::ffff:127.0.0.1
request query:  {}
response time: 37
response status: 200
response body: 
"<!DOCTYPE html><html><head><title>智慧乡村</title><meta charset=\"utf-8\"><meta name=\"viewport\" content=\"width=device-width,initial-scale=1,maximum-scale=1,user-scalable=no\"><link rel=\"stylesheet\" href=\"/stylesheets/front/style.min.css\"><script src=\"//cdn.bootcss.com/react/15.3.2/react.min.js\"></script><script src=\"//cdn.bootcss.com/react/15.3.2/react-dom.min.js\"></script></head><body><div id=\"loading\" class=\"css-loading\"><div class=\"css-dot\"></div><div class=\"css-dot\"></div><div class=\"css-dot\"></div></div><div id=\"page_holder\"><div class=\"css-loading\"><div class=\"css-dot\"></div><div class=\"css-dot\"></div><div class=\"css-dot\"></div></div></div><script src=\"/javascripts/front-home_page.js\"></script></body></html>"
*************** response log end ***************

[2016-12-23 15:46:45.760] [INFO] resLogger - 
*************** response log start ***************
request method: GET
request originalUrl:  /
request client ip:  ::ffff:127.0.0.1
request query:  {}
response time: 29
response status: 200
response body: 
"<!DOCTYPE html><html><head><title>智慧乡村</title><meta charset=\"utf-8\"><meta name=\"viewport\" content=\"width=device-width,initial-scale=1,maximum-scale=1,user-scalable=no\"><link rel=\"stylesheet\" href=\"/stylesheets/front/style.min.css\"><script src=\"//cdn.bootcss.com/react/15.3.2/react.min.js\"></script><script src=\"//cdn.bootcss.com/react/15.3.2/react-dom.min.js\"></script></head><body><div id=\"loading\" class=\"css-loading\"><div class=\"css-dot\"></div><div class=\"css-dot\"></div><div class=\"css-dot\"></div></div><div id=\"page_holder\"><div class=\"css-loading\"><div class=\"css-dot\"></div><div class=\"css-dot\"></div><div class=\"css-dot\"></div></div></div><script src=\"/javascripts/front-home_page.js\"></script></body></html>"
*************** response log end ***************

[2016-12-23 15:47:18.434] [INFO] resLogger - 
*************** response log start ***************
request method: GET
request originalUrl:  /
request client ip:  ::ffff:127.0.0.1
request query:  {}
response time: 27
response status: 200
response body: 
"<!DOCTYPE html><html><head><title>智慧乡村</title><meta charset=\"utf-8\"><meta name=\"viewport\" content=\"width=device-width,initial-scale=1,maximum-scale=1,user-scalable=no\"><link rel=\"stylesheet\" href=\"/stylesheets/front/style.min.css\"><script src=\"//cdn.bootcss.com/react/15.3.2/react.min.js\"></script><script src=\"//cdn.bootcss.com/react/15.3.2/react-dom.min.js\"></script></head><body><div id=\"loading\" class=\"css-loading\"><div class=\"css-dot\"></div><div class=\"css-dot\"></div><div class=\"css-dot\"></div></div><div id=\"page_holder\"><div class=\"css-loading\"><div class=\"css-dot\"></div><div class=\"css-dot\"></div><div class=\"css-dot\"></div></div></div><script src=\"/javascripts/front-home_page.js\"></script></body></html>"
*************** response log end ***************

[2016-12-23 15:47:19.884] [INFO] resLogger - 
*************** response log start ***************
request method: GET
request originalUrl:  /
request client ip:  ::ffff:127.0.0.1
request query:  {}
response time: 21
response status: 200
response body: 
"<!DOCTYPE html><html><head><title>智慧乡村</title><meta charset=\"utf-8\"><meta name=\"viewport\" content=\"width=device-width,initial-scale=1,maximum-scale=1,user-scalable=no\"><link rel=\"stylesheet\" href=\"/stylesheets/front/style.min.css\"><script src=\"//cdn.bootcss.com/react/15.3.2/react.min.js\"></script><script src=\"//cdn.bootcss.com/react/15.3.2/react-dom.min.js\"></script></head><body><div id=\"loading\" class=\"css-loading\"><div class=\"css-dot\"></div><div class=\"css-dot\"></div><div class=\"css-dot\"></div></div><div id=\"page_holder\"><div class=\"css-loading\"><div class=\"css-dot\"></div><div class=\"css-dot\"></div><div class=\"css-dot\"></div></div></div><script src=\"/javascripts/front-home_page.js\"></script></body></html>"
*************** response log end ***************

[2016-12-23 15:47:29.978] [INFO] resLogger - 
*************** response log start ***************
request method: GET
request originalUrl:  /
request client ip:  ::ffff:127.0.0.1
request query:  {}
response time: 12
response status: 200
response body: 
"<!DOCTYPE html><html><head><title>智慧乡村</title><meta charset=\"utf-8\"><meta name=\"viewport\" content=\"width=device-width,initial-scale=1,maximum-scale=1,user-scalable=no\"><link rel=\"stylesheet\" href=\"/stylesheets/front/style.min.css\"><script src=\"//cdn.bootcss.com/react/15.3.2/react.min.js\"></script><script src=\"//cdn.bootcss.com/react/15.3.2/react-dom.min.js\"></script></head><body><div id=\"loading\" class=\"css-loading\"><div class=\"css-dot\"></div><div class=\"css-dot\"></div><div class=\"css-dot\"></div></div><div id=\"page_holder\"><div class=\"css-loading\"><div class=\"css-dot\"></div><div class=\"css-dot\"></div><div class=\"css-dot\"></div></div></div><script src=\"/javascripts/front-home_page.js\"></script></body></html>"
*************** response log end ***************

[2016-12-23 15:47:30.751] [INFO] resLogger - 
*************** response log start ***************
request method: GET
request originalUrl:  /
request client ip:  ::ffff:127.0.0.1
request query:  {}
response time: 19
response status: 200
response body: 
"<!DOCTYPE html><html><head><title>智慧乡村</title><meta charset=\"utf-8\"><meta name=\"viewport\" content=\"width=device-width,initial-scale=1,maximum-scale=1,user-scalable=no\"><link rel=\"stylesheet\" href=\"/stylesheets/front/style.min.css\"><script src=\"//cdn.bootcss.com/react/15.3.2/react.min.js\"></script><script src=\"//cdn.bootcss.com/react/15.3.2/react-dom.min.js\"></script></head><body><div id=\"loading\" class=\"css-loading\"><div class=\"css-dot\"></div><div class=\"css-dot\"></div><div class=\"css-dot\"></div></div><div id=\"page_holder\"><div class=\"css-loading\"><div class=\"css-dot\"></div><div class=\"css-dot\"></div><div class=\"css-dot\"></div></div></div><script src=\"/javascripts/front-home_page.js\"></script></body></html>"
*************** response log end ***************

[2016-12-23 15:47:30.966] [INFO] resLogger - 
*************** response log start ***************
request method: GET
request originalUrl:  /
request client ip:  ::ffff:127.0.0.1
request query:  {}
response time: 22
response status: 200
response body: 
"<!DOCTYPE html><html><head><title>智慧乡村</title><meta charset=\"utf-8\"><meta name=\"viewport\" content=\"width=device-width,initial-scale=1,maximum-scale=1,user-scalable=no\"><link rel=\"stylesheet\" href=\"/stylesheets/front/style.min.css\"><script src=\"//cdn.bootcss.com/react/15.3.2/react.min.js\"></script><script src=\"//cdn.bootcss.com/react/15.3.2/react-dom.min.js\"></script></head><body><div id=\"loading\" class=\"css-loading\"><div class=\"css-dot\"></div><div class=\"css-dot\"></div><div class=\"css-dot\"></div></div><div id=\"page_holder\"><div class=\"css-loading\"><div class=\"css-dot\"></div><div class=\"css-dot\"></div><div class=\"css-dot\"></div></div></div><script src=\"/javascripts/front-home_page.js\"></script></body></html>"
*************** response log end ***************

[2016-12-23 15:47:31.284] [INFO] resLogger - 
*************** response log start ***************
request method: GET
request originalUrl:  /
request client ip:  ::ffff:127.0.0.1
request query:  {}
response time: 33
response status: 200
response body: 
"<!DOCTYPE html><html><head><title>智慧乡村</title><meta charset=\"utf-8\"><meta name=\"viewport\" content=\"width=device-width,initial-scale=1,maximum-scale=1,user-scalable=no\"><link rel=\"stylesheet\" href=\"/stylesheets/front/style.min.css\"><script src=\"//cdn.bootcss.com/react/15.3.2/react.min.js\"></script><script src=\"//cdn.bootcss.com/react/15.3.2/react-dom.min.js\"></script></head><body><div id=\"loading\" class=\"css-loading\"><div class=\"css-dot\"></div><div class=\"css-dot\"></div><div class=\"css-dot\"></div></div><div id=\"page_holder\"><div class=\"css-loading\"><div class=\"css-dot\"></div><div class=\"css-dot\"></div><div class=\"css-dot\"></div></div></div><script src=\"/javascripts/front-home_page.js\"></script></body></html>"
*************** response log end ***************

[2016-12-23 15:47:31.344] [INFO] resLogger - 
*************** response log start ***************
request method: GET
request originalUrl:  /
request client ip:  ::ffff:127.0.0.1
request query:  {}
response time: 27
response status: 200
response body: 
"<!DOCTYPE html><html><head><title>智慧乡村</title><meta charset=\"utf-8\"><meta name=\"viewport\" content=\"width=device-width,initial-scale=1,maximum-scale=1,user-scalable=no\"><link rel=\"stylesheet\" href=\"/stylesheets/front/style.min.css\"><script src=\"//cdn.bootcss.com/react/15.3.2/react.min.js\"></script><script src=\"//cdn.bootcss.com/react/15.3.2/react-dom.min.js\"></script></head><body><div id=\"loading\" class=\"css-loading\"><div class=\"css-dot\"></div><div class=\"css-dot\"></div><div class=\"css-dot\"></div></div><div id=\"page_holder\"><div class=\"css-loading\"><div class=\"css-dot\"></div><div class=\"css-dot\"></div><div class=\"css-dot\"></div></div></div><script src=\"/javascripts/front-home_page.js\"></script></body></html>"
*************** response log end ***************

[2016-12-23 15:49:47.292] [INFO] resLogger - 
*************** response log start ***************
request method: GET
request originalUrl:  /api/page/get?name=home&callback=reqwest_1482479387243
request client ip:  ::ffff:127.0.0.1
request query:  {"name":"home","callback":"reqwest_1482479387243"}
response time: 19
response status: 200
response body: 
"reqwest_1482479387243({\"code\":0,\"message\":\"success\",\"data\":{\"_id\":\"5857fdfe1247be4c153dc39e\",\"name\":\"home\",\"text\":\"网站首页\",\"url\":\"/\",\"desc\":\"江西赣州人民政府，是全心全意为人民服务的政府,\",\"tabs\":[],\"banners\":[{\"_id\":\"5857feaf3c5a3a4c1de60ba5\",\"url\":\"www.baidu.com\",\"img\":\"https://img.alicdn.com/tfscom/TB1VkY0OFXXXXXJaFXXSutbFXXX.jpg\"},{\"_id\":\"5857feaf3c5a3a4c1de60ba4\",\"url\":\"www.tm.com\",\"img\":\"http://img.alicdn.com/tfscom/TB1C8EGOpXXXXX0XVXXSutbFXXX.jpg\"}],\"__v\":0}})"
*************** response log end ***************

[2016-12-23 15:50:02.246] [INFO] resLogger - 
*************** response log start ***************
request method: GET
request originalUrl:  /api/page/get?name=home&callback=reqwest_1482479402216
request client ip:  ::ffff:127.0.0.1
request query:  {"name":"home","callback":"reqwest_1482479402216"}
response time: 6
response status: 200
response body: 
"reqwest_1482479402216({\"code\":0,\"message\":\"success\",\"data\":{\"_id\":\"5857fdfe1247be4c153dc39e\",\"name\":\"home\",\"text\":\"网站首页\",\"url\":\"/\",\"desc\":\"江西赣州人民政府，是全心全意为人民服务的政府,\",\"tabs\":[],\"banners\":[{\"_id\":\"5857feaf3c5a3a4c1de60ba5\",\"url\":\"www.baidu.com\",\"img\":\"https://img.alicdn.com/tfscom/TB1VkY0OFXXXXXJaFXXSutbFXXX.jpg\"},{\"_id\":\"5857feaf3c5a3a4c1de60ba4\",\"url\":\"www.tm.com\",\"img\":\"http://img.alicdn.com/tfscom/TB1C8EGOpXXXXX0XVXXSutbFXXX.jpg\"}],\"__v\":0}})"
*************** response log end ***************

[2016-12-23 15:50:02.431] [INFO] resLogger - 
*************** response log start ***************
request method: GET
request originalUrl:  /api/article/feeds?ids=%5B%22585001ade120343dd39d601a%22%2C%22585001aae120343dd39d6019%22%2C%22585001a7e120343dd39d6018%22%2C%22585001a3e120343dd39d6017%22%2C%225850019fe120343dd39d6016%22%5D&pageSize=10&offset=0&callback=reqwest_1482479402216
request client ip:  ::ffff:127.0.0.1
request query:  {"ids":"[\"585001ade120343dd39d601a\",\"585001aae120343dd39d6019\",\"585001a7e120343dd39d6018\",\"585001a3e120343dd39d6017\",\"5850019fe120343dd39d6016\"]","pageSize":"10","offset":"0","callback":"reqwest_1482479402216"}
response time: 24
response status: 200
response body: 
"reqwest_1482479402216({\"code\":0,\"message\":\"success\",\"data\":{\"total\":5,\"data\":[{\"_id\":\"585001ade120343dd39d601a\",\"title\":\"农家书屋测试文章8\",\"desc\":\"发发舒服撒风萨法发生发发舒服撒风萨法发生发发舒服撒风萨法发生\",\"date\":\"2016-12-14\",\"url\":\"http://www.zmwhzhihui.com/wzxq?id=585001ade120343dd39d601a\"},{\"_id\":\"585001aae120343dd39d6019\",\"title\":\"农家书屋测试文章7\",\"desc\":\"发发舒服撒风萨法发生发发舒服撒风萨法发生发发舒服撒风萨法发生\",\"date\":\"2016-12-14\",\"url\":\"http://www.zmwhzhihui.com/wzxq?id=585001aae120343dd39d6019\"},{\"_id\":\"585001a7e120343dd39d6018\",\"title\":\"农家书屋测试文章6\",\"desc\":\"发发舒服撒风萨法发生发发舒服撒风萨法发生发发舒服撒风萨法发生\",\"date\":\"2016-12-14\",\"url\":\"http://www.zmwhzhihui.com/wzxq?id=585001a7e120343dd39d6018\"},{\"_id\":\"585001a3e120343dd39d6017\",\"title\":\"农家书屋测试文章5\",\"desc\":\"发发舒服撒风萨法发生发发舒服撒风萨法发生发发舒服撒风萨法发生\",\"date\":\"2016-12-14\",\"url\":\"http://www.zmwhzhihui.com/wzxq?id=585001a3e120343dd39d6017\"},{\"_id\":\"5850019fe120343dd39d6016\",\"title\":\"农家书屋测试文章4\",\"desc\":\"发发舒服撒风萨法发生发发舒服撒风萨法发生发发舒服撒风萨法发生\",\"date\":\"2016-12-14\",\"url\":\"http://www.zmwhzhihui.com/wzxq?id=5850019fe120343dd39d6016\"}]}})"
*************** response log end ***************

[2016-12-23 15:51:58.016] [INFO] resLogger - 
*************** response log start ***************
request method: GET
request originalUrl:  /api/page/get?name=home&callback=reqwest_1482479517988
request client ip:  ::ffff:127.0.0.1
request query:  {"name":"home","callback":"reqwest_1482479517988"}
response time: 2
response status: 200
response body: 
"reqwest_1482479517988({\"code\":0,\"message\":\"success\",\"data\":{\"_id\":\"5857fdfe1247be4c153dc39e\",\"name\":\"home\",\"text\":\"网站首页\",\"url\":\"/\",\"desc\":\"江西赣州人民政府，是全心全意为人民服务的政府,\",\"tabs\":[],\"banners\":[{\"_id\":\"5857feaf3c5a3a4c1de60ba5\",\"url\":\"www.baidu.com\",\"img\":\"https://img.alicdn.com/tfscom/TB1VkY0OFXXXXXJaFXXSutbFXXX.jpg\"},{\"_id\":\"5857feaf3c5a3a4c1de60ba4\",\"url\":\"www.tm.com\",\"img\":\"http://img.alicdn.com/tfscom/TB1C8EGOpXXXXX0XVXXSutbFXXX.jpg\"}],\"__v\":0}})"
*************** response log end ***************

[2016-12-23 15:51:58.175] [INFO] resLogger - 
*************** response log start ***************
request method: GET
request originalUrl:  /api/article/feeds?ids=%5B%22585001ade120343dd39d601a%22%2C%22585001aae120343dd39d6019%22%2C%22585001a7e120343dd39d6018%22%2C%22585001a3e120343dd39d6017%22%2C%225850019fe120343dd39d6016%22%2C%22584bc9612292682433c82c4e%22%2C%22584c02e7d8e72325f287a01f%22%2C%22584d568c6b434a30e5773d70%22%2C%22584d56af6b434a30e5773d72%22%2C%22584d56bf6b434a30e5773d73%22%2C%22584e6b80db57a6350909adc0%22%2C%22584e81472f64743621f4789f%22%5D&pageSize=10&offset=0&callback=reqwest_1482479517988
request client ip:  ::ffff:127.0.0.1
request query:  {"ids":"[\"585001ade120343dd39d601a\",\"585001aae120343dd39d6019\",\"585001a7e120343dd39d6018\",\"585001a3e120343dd39d6017\",\"5850019fe120343dd39d6016\",\"584bc9612292682433c82c4e\",\"584c02e7d8e72325f287a01f\",\"584d568c6b434a30e5773d70\",\"584d56af6b434a30e5773d72\",\"584d56bf6b434a30e5773d73\",\"584e6b80db57a6350909adc0\",\"584e81472f64743621f4789f\"]","pageSize":"10","offset":"0","callback":"reqwest_1482479517988"}
response time: 8
response status: 200
response body: 
"reqwest_1482479517988({\"code\":0,\"message\":\"success\",\"data\":{\"total\":12,\"data\":[{\"_id\":\"585001ade120343dd39d601a\",\"title\":\"农家书屋测试文章8\",\"desc\":\"发发舒服撒风萨法发生发发舒服撒风萨法发生发发舒服撒风萨法发生\",\"date\":\"2016-12-14\",\"url\":\"http://www.zmwhzhihui.com/wzxq?id=585001ade120343dd39d601a\"},{\"_id\":\"585001aae120343dd39d6019\",\"title\":\"农家书屋测试文章7\",\"desc\":\"发发舒服撒风萨法发生发发舒服撒风萨法发生发发舒服撒风萨法发生\",\"date\":\"2016-12-14\",\"url\":\"http://www.zmwhzhihui.com/wzxq?id=585001aae120343dd39d6019\"},{\"_id\":\"585001a7e120343dd39d6018\",\"title\":\"农家书屋测试文章6\",\"desc\":\"发发舒服撒风萨法发生发发舒服撒风萨法发生发发舒服撒风萨法发生\",\"date\":\"2016-12-14\",\"url\":\"http://www.zmwhzhihui.com/wzxq?id=585001a7e120343dd39d6018\"},{\"_id\":\"585001a3e120343dd39d6017\",\"title\":\"农家书屋测试文章5\",\"desc\":\"发发舒服撒风萨法发生发发舒服撒风萨法发生发发舒服撒风萨法发生\",\"date\":\"2016-12-14\",\"url\":\"http://www.zmwhzhihui.com/wzxq?id=585001a3e120343dd39d6017\"},{\"_id\":\"5850019fe120343dd39d6016\",\"title\":\"农家书屋测试文章4\",\"desc\":\"发发舒服撒风萨法发生发发舒服撒风萨法发生发发舒服撒风萨法发生\",\"date\":\"2016-12-14\",\"url\":\"http://www.zmwhzhihui.com/wzxq?id=5850019fe120343dd39d6016\"},{\"_id\":\"584e81472f64743621f4789f\",\"title\":\"测试 哈哈哈\",\"desc\":\"d大大的d大大的d大大的d大大的d大大的d大大的d大大的d大\",\"date\":\"2016-12-14\",\"url\":\"http://www.zmwhzhihui.com/wzxq?id=584e81472f64743621f4789f\"},{\"_id\":\"584e6b80db57a6350909adc0\",\"title\":\"政策解读\",\"desc\":\"什么鬼\",\"date\":\"2016-12-12\",\"url\":\"http://www.zmwhzhihui.com/wzxq?id=584e6b80db57a6350909adc0\"},{\"_id\":\"584d56bf6b434a30e5773d73\",\"title\":\"你好\",\"desc\":\"你好啊大地\",\"date\":\"2016-12-11\",\"url\":\"http://www.zmwhzhihui.com/wzxq?id=584d56bf6b434a30e5773d73\"},{\"_id\":\"584d56af6b434a30e5773d72\",\"title\":\"精准扶贫3\",\"desc\":\"11313131313\",\"date\":\"2016-12-11\",\"url\":\"http://www.zmwhzhihui.com/wzxq?id=584d56af6b434a30e5773d72\"},{\"_id\":\"584d568c6b434a30e5773d70\",\"title\":\"精准扶贫1\",\"desc\":\"精准扶贫1111111\",\"date\":\"2016-12-11\",\"url\":\"http://www.zmwhzhihui.com/wzxq?id=584d568c6b434a30e5773d70\"}]}})"
*************** response log end ***************

[2016-12-23 15:52:07.031] [INFO] resLogger - 
*************** response log start ***************
request method: GET
request originalUrl:  /api/page/get?name=home&callback=reqwest_1482479527009
request client ip:  ::ffff:127.0.0.1
request query:  {"name":"home","callback":"reqwest_1482479527009"}
response time: 4
response status: 200
response body: 
"reqwest_1482479527009({\"code\":0,\"message\":\"success\",\"data\":{\"_id\":\"5857fdfe1247be4c153dc39e\",\"name\":\"home\",\"text\":\"网站首页\",\"url\":\"/\",\"desc\":\"江西赣州人民政府，是全心全意为人民服务的政府,\",\"tabs\":[],\"banners\":[{\"_id\":\"5857feaf3c5a3a4c1de60ba5\",\"url\":\"www.baidu.com\",\"img\":\"https://img.alicdn.com/tfscom/TB1VkY0OFXXXXXJaFXXSutbFXXX.jpg\"},{\"_id\":\"5857feaf3c5a3a4c1de60ba4\",\"url\":\"www.tm.com\",\"img\":\"http://img.alicdn.com/tfscom/TB1C8EGOpXXXXX0XVXXSutbFXXX.jpg\"}],\"__v\":0}})"
*************** response log end ***************

[2016-12-23 15:52:07.067] [INFO] resLogger - 
*************** response log start ***************
request method: GET
request originalUrl:  /api/article/feeds?ids=%5B%22585001ade120343dd39d601a%22%2C%22585001aae120343dd39d6019%22%2C%22585001a7e120343dd39d6018%22%2C%22585001a3e120343dd39d6017%22%2C%225850019fe120343dd39d6016%22%2C%22584bc9612292682433c82c4e%22%2C%22584c02e7d8e72325f287a01f%22%2C%22584d568c6b434a30e5773d70%22%2C%22584d56af6b434a30e5773d72%22%2C%22584d56bf6b434a30e5773d73%22%2C%22584e6b80db57a6350909adc0%22%2C%22584e81472f64743621f4789f%22%5D&pageSize=10&offset=0&callback=reqwest_1482479527009
request client ip:  ::ffff:127.0.0.1
request query:  {"ids":"[\"585001ade120343dd39d601a\",\"585001aae120343dd39d6019\",\"585001a7e120343dd39d6018\",\"585001a3e120343dd39d6017\",\"5850019fe120343dd39d6016\",\"584bc9612292682433c82c4e\",\"584c02e7d8e72325f287a01f\",\"584d568c6b434a30e5773d70\",\"584d56af6b434a30e5773d72\",\"584d56bf6b434a30e5773d73\",\"584e6b80db57a6350909adc0\",\"584e81472f64743621f4789f\"]","pageSize":"10","offset":"0","callback":"reqwest_1482479527009"}
response time: 6
response status: 200
response body: 
"reqwest_1482479527009({\"code\":0,\"message\":\"success\",\"data\":{\"total\":12,\"data\":[{\"_id\":\"585001ade120343dd39d601a\",\"title\":\"农家书屋测试文章8\",\"desc\":\"发发舒服撒风萨法发生发发舒服撒风萨法发生发发舒服撒风萨法发生\",\"date\":\"2016-12-14\",\"url\":\"http://www.zmwhzhihui.com/wzxq?id=585001ade120343dd39d601a\"},{\"_id\":\"585001aae120343dd39d6019\",\"title\":\"农家书屋测试文章7\",\"desc\":\"发发舒服撒风萨法发生发发舒服撒风萨法发生发发舒服撒风萨法发生\",\"date\":\"2016-12-14\",\"url\":\"http://www.zmwhzhihui.com/wzxq?id=585001aae120343dd39d6019\"},{\"_id\":\"585001a7e120343dd39d6018\",\"title\":\"农家书屋测试文章6\",\"desc\":\"发发舒服撒风萨法发生发发舒服撒风萨法发生发发舒服撒风萨法发生\",\"date\":\"2016-12-14\",\"url\":\"http://www.zmwhzhihui.com/wzxq?id=585001a7e120343dd39d6018\"},{\"_id\":\"585001a3e120343dd39d6017\",\"title\":\"农家书屋测试文章5\",\"desc\":\"发发舒服撒风萨法发生发发舒服撒风萨法发生发发舒服撒风萨法发生\",\"date\":\"2016-12-14\",\"url\":\"http://www.zmwhzhihui.com/wzxq?id=585001a3e120343dd39d6017\"},{\"_id\":\"5850019fe120343dd39d6016\",\"title\":\"农家书屋测试文章4\",\"desc\":\"发发舒服撒风萨法发生发发舒服撒风萨法发生发发舒服撒风萨法发生\",\"date\":\"2016-12-14\",\"url\":\"http://www.zmwhzhihui.com/wzxq?id=5850019fe120343dd39d6016\"},{\"_id\":\"584e81472f64743621f4789f\",\"title\":\"测试 哈哈哈\",\"desc\":\"d大大的d大大的d大大的d大大的d大大的d大大的d大大的d大\",\"date\":\"2016-12-14\",\"url\":\"http://www.zmwhzhihui.com/wzxq?id=584e81472f64743621f4789f\"},{\"_id\":\"584e6b80db57a6350909adc0\",\"title\":\"政策解读\",\"desc\":\"什么鬼\",\"date\":\"2016-12-12\",\"url\":\"http://www.zmwhzhihui.com/wzxq?id=584e6b80db57a6350909adc0\"},{\"_id\":\"584d56bf6b434a30e5773d73\",\"title\":\"你好\",\"desc\":\"你好啊大地\",\"date\":\"2016-12-11\",\"url\":\"http://www.zmwhzhihui.com/wzxq?id=584d56bf6b434a30e5773d73\"},{\"_id\":\"584d56af6b434a30e5773d72\",\"title\":\"精准扶贫3\",\"desc\":\"11313131313\",\"date\":\"2016-12-11\",\"url\":\"http://www.zmwhzhihui.com/wzxq?id=584d56af6b434a30e5773d72\"},{\"_id\":\"584d568c6b434a30e5773d70\",\"title\":\"精准扶贫1\",\"desc\":\"精准扶贫1111111\",\"date\":\"2016-12-11\",\"url\":\"http://www.zmwhzhihui.com/wzxq?id=584d568c6b434a30e5773d70\"}]}})"
*************** response log end ***************

[2016-12-23 15:52:47.966] [INFO] resLogger - 
*************** response log start ***************
request method: GET
request originalUrl:  /api/page/get?name=home&callback=reqwest_1482479567940
request client ip:  ::ffff:127.0.0.1
request query:  {"name":"home","callback":"reqwest_1482479567940"}
response time: 3
response status: 200
response body: 
"reqwest_1482479567940({\"code\":0,\"message\":\"success\",\"data\":{\"_id\":\"5857fdfe1247be4c153dc39e\",\"name\":\"home\",\"text\":\"网站首页\",\"url\":\"/\",\"desc\":\"江西赣州人民政府，是全心全意为人民服务的政府,\",\"tabs\":[],\"banners\":[{\"_id\":\"5857feaf3c5a3a4c1de60ba5\",\"url\":\"www.baidu.com\",\"img\":\"https://img.alicdn.com/tfscom/TB1VkY0OFXXXXXJaFXXSutbFXXX.jpg\"},{\"_id\":\"5857feaf3c5a3a4c1de60ba4\",\"url\":\"www.tm.com\",\"img\":\"http://img.alicdn.com/tfscom/TB1C8EGOpXXXXX0XVXXSutbFXXX.jpg\"}],\"__v\":0}})"
*************** response log end ***************

[2016-12-23 15:52:48.129] [INFO] resLogger - 
*************** response log start ***************
request method: GET
request originalUrl:  /api/article/feeds?ids=%5B%22585001ade120343dd39d601a%22%2C%22585001aae120343dd39d6019%22%2C%22585001a7e120343dd39d6018%22%2C%22585001a3e120343dd39d6017%22%2C%225850019fe120343dd39d6016%22%2C%22584bc9612292682433c82c4e%22%2C%22584c02e7d8e72325f287a01f%22%2C%22584d568c6b434a30e5773d70%22%2C%22584d56af6b434a30e5773d72%22%2C%22584d56bf6b434a30e5773d73%22%2C%22584e6b80db57a6350909adc0%22%2C%22584e81472f64743621f4789f%22%5D&pageSize=10&offset=0&callback=reqwest_1482479567940
request client ip:  ::ffff:127.0.0.1
request query:  {"ids":"[\"585001ade120343dd39d601a\",\"585001aae120343dd39d6019\",\"585001a7e120343dd39d6018\",\"585001a3e120343dd39d6017\",\"5850019fe120343dd39d6016\",\"584bc9612292682433c82c4e\",\"584c02e7d8e72325f287a01f\",\"584d568c6b434a30e5773d70\",\"584d56af6b434a30e5773d72\",\"584d56bf6b434a30e5773d73\",\"584e6b80db57a6350909adc0\",\"584e81472f64743621f4789f\"]","pageSize":"10","offset":"0","callback":"reqwest_1482479567940"}
response time: 6
response status: 200
response body: 
"reqwest_1482479567940({\"code\":0,\"message\":\"success\",\"data\":{\"total\":12,\"data\":[{\"_id\":\"585001ade120343dd39d601a\",\"title\":\"农家书屋测试文章8\",\"desc\":\"发发舒服撒风萨法发生发发舒服撒风萨法发生发发舒服撒风萨法发生\",\"date\":\"2016-12-14\",\"url\":\"http://www.zmwhzhihui.com/wzxq?id=585001ade120343dd39d601a\"},{\"_id\":\"585001aae120343dd39d6019\",\"title\":\"农家书屋测试文章7\",\"desc\":\"发发舒服撒风萨法发生发发舒服撒风萨法发生发发舒服撒风萨法发生\",\"date\":\"2016-12-14\",\"url\":\"http://www.zmwhzhihui.com/wzxq?id=585001aae120343dd39d6019\"},{\"_id\":\"585001a7e120343dd39d6018\",\"title\":\"农家书屋测试文章6\",\"desc\":\"发发舒服撒风萨法发生发发舒服撒风萨法发生发发舒服撒风萨法发生\",\"date\":\"2016-12-14\",\"url\":\"http://www.zmwhzhihui.com/wzxq?id=585001a7e120343dd39d6018\"},{\"_id\":\"585001a3e120343dd39d6017\",\"title\":\"农家书屋测试文章5\",\"desc\":\"发发舒服撒风萨法发生发发舒服撒风萨法发生发发舒服撒风萨法发生\",\"date\":\"2016-12-14\",\"url\":\"http://www.zmwhzhihui.com/wzxq?id=585001a3e120343dd39d6017\"},{\"_id\":\"5850019fe120343dd39d6016\",\"title\":\"农家书屋测试文章4\",\"desc\":\"发发舒服撒风萨法发生发发舒服撒风萨法发生发发舒服撒风萨法发生\",\"date\":\"2016-12-14\",\"url\":\"http://www.zmwhzhihui.com/wzxq?id=5850019fe120343dd39d6016\"},{\"_id\":\"584e81472f64743621f4789f\",\"title\":\"测试 哈哈哈\",\"desc\":\"d大大的d大大的d大大的d大大的d大大的d大大的d大大的d大\",\"date\":\"2016-12-14\",\"url\":\"http://www.zmwhzhihui.com/wzxq?id=584e81472f64743621f4789f\"},{\"_id\":\"584e6b80db57a6350909adc0\",\"title\":\"政策解读\",\"desc\":\"什么鬼\",\"date\":\"2016-12-12\",\"url\":\"http://www.zmwhzhihui.com/wzxq?id=584e6b80db57a6350909adc0\"},{\"_id\":\"584d56bf6b434a30e5773d73\",\"title\":\"你好\",\"desc\":\"你好啊大地\",\"date\":\"2016-12-11\",\"url\":\"http://www.zmwhzhihui.com/wzxq?id=584d56bf6b434a30e5773d73\"},{\"_id\":\"584d56af6b434a30e5773d72\",\"title\":\"精准扶贫3\",\"desc\":\"11313131313\",\"date\":\"2016-12-11\",\"url\":\"http://www.zmwhzhihui.com/wzxq?id=584d56af6b434a30e5773d72\"},{\"_id\":\"584d568c6b434a30e5773d70\",\"title\":\"精准扶贫1\",\"desc\":\"精准扶贫1111111\",\"date\":\"2016-12-11\",\"url\":\"http://www.zmwhzhihui.com/wzxq?id=584d568c6b434a30e5773d70\"}]}})"
*************** response log end ***************

[2016-12-23 15:52:58.061] [INFO] resLogger - 
*************** response log start ***************
request method: GET
request originalUrl:  /api/page/get?name=home&callback=reqwest_1482479578042
request client ip:  ::ffff:127.0.0.1
request query:  {"name":"home","callback":"reqwest_1482479578042"}
response time: 2
response status: 200
response body: 
"reqwest_1482479578042({\"code\":0,\"message\":\"success\",\"data\":{\"_id\":\"5857fdfe1247be4c153dc39e\",\"name\":\"home\",\"text\":\"网站首页\",\"url\":\"/\",\"desc\":\"江西赣州人民政府，是全心全意为人民服务的政府,\",\"tabs\":[],\"banners\":[{\"_id\":\"5857feaf3c5a3a4c1de60ba5\",\"url\":\"www.baidu.com\",\"img\":\"https://img.alicdn.com/tfscom/TB1VkY0OFXXXXXJaFXXSutbFXXX.jpg\"},{\"_id\":\"5857feaf3c5a3a4c1de60ba4\",\"url\":\"www.tm.com\",\"img\":\"http://img.alicdn.com/tfscom/TB1C8EGOpXXXXX0XVXXSutbFXXX.jpg\"}],\"__v\":0}})"
*************** response log end ***************

[2016-12-23 15:52:58.223] [INFO] resLogger - 
*************** response log start ***************
request method: GET
request originalUrl:  /api/article/feeds?ids=%5B%22585001ade120343dd39d601a%22%2C%22585001aae120343dd39d6019%22%2C%22585001a7e120343dd39d6018%22%2C%22585001a3e120343dd39d6017%22%2C%225850019fe120343dd39d6016%22%2C%22584bc9612292682433c82c4e%22%2C%22584c02e7d8e72325f287a01f%22%2C%22584d568c6b434a30e5773d70%22%2C%22584d56af6b434a30e5773d72%22%2C%22584d56bf6b434a30e5773d73%22%2C%22584e6b80db57a6350909adc0%22%2C%22584e81472f64743621f4789f%22%5D&pageSize=10&offset=0&callback=reqwest_1482479578042
request client ip:  ::ffff:127.0.0.1
request query:  {"ids":"[\"585001ade120343dd39d601a\",\"585001aae120343dd39d6019\",\"585001a7e120343dd39d6018\",\"585001a3e120343dd39d6017\",\"5850019fe120343dd39d6016\",\"584bc9612292682433c82c4e\",\"584c02e7d8e72325f287a01f\",\"584d568c6b434a30e5773d70\",\"584d56af6b434a30e5773d72\",\"584d56bf6b434a30e5773d73\",\"584e6b80db57a6350909adc0\",\"584e81472f64743621f4789f\"]","pageSize":"10","offset":"0","callback":"reqwest_1482479578042"}
response time: 6
response status: 200
response body: 
"reqwest_1482479578042({\"code\":0,\"message\":\"success\",\"data\":{\"total\":12,\"data\":[{\"_id\":\"585001ade120343dd39d601a\",\"title\":\"农家书屋测试文章8\",\"desc\":\"发发舒服撒风萨法发生发发舒服撒风萨法发生发发舒服撒风萨法发生\",\"date\":\"2016-12-14\",\"url\":\"http://www.zmwhzhihui.com/wzxq?id=585001ade120343dd39d601a\"},{\"_id\":\"585001aae120343dd39d6019\",\"title\":\"农家书屋测试文章7\",\"desc\":\"发发舒服撒风萨法发生发发舒服撒风萨法发生发发舒服撒风萨法发生\",\"date\":\"2016-12-14\",\"url\":\"http://www.zmwhzhihui.com/wzxq?id=585001aae120343dd39d6019\"},{\"_id\":\"585001a7e120343dd39d6018\",\"title\":\"农家书屋测试文章6\",\"desc\":\"发发舒服撒风萨法发生发发舒服撒风萨法发生发发舒服撒风萨法发生\",\"date\":\"2016-12-14\",\"url\":\"http://www.zmwhzhihui.com/wzxq?id=585001a7e120343dd39d6018\"},{\"_id\":\"585001a3e120343dd39d6017\",\"title\":\"农家书屋测试文章5\",\"desc\":\"发发舒服撒风萨法发生发发舒服撒风萨法发生发发舒服撒风萨法发生\",\"date\":\"2016-12-14\",\"url\":\"http://www.zmwhzhihui.com/wzxq?id=585001a3e120343dd39d6017\"},{\"_id\":\"5850019fe120343dd39d6016\",\"title\":\"农家书屋测试文章4\",\"desc\":\"发发舒服撒风萨法发生发发舒服撒风萨法发生发发舒服撒风萨法发生\",\"date\":\"2016-12-14\",\"url\":\"http://www.zmwhzhihui.com/wzxq?id=5850019fe120343dd39d6016\"},{\"_id\":\"584e81472f64743621f4789f\",\"title\":\"测试 哈哈哈\",\"desc\":\"d大大的d大大的d大大的d大大的d大大的d大大的d大大的d大\",\"date\":\"2016-12-14\",\"url\":\"http://www.zmwhzhihui.com/wzxq?id=584e81472f64743621f4789f\"},{\"_id\":\"584e6b80db57a6350909adc0\",\"title\":\"政策解读\",\"desc\":\"什么鬼\",\"date\":\"2016-12-12\",\"url\":\"http://www.zmwhzhihui.com/wzxq?id=584e6b80db57a6350909adc0\"},{\"_id\":\"584d56bf6b434a30e5773d73\",\"title\":\"你好\",\"desc\":\"你好啊大地\",\"date\":\"2016-12-11\",\"url\":\"http://www.zmwhzhihui.com/wzxq?id=584d56bf6b434a30e5773d73\"},{\"_id\":\"584d56af6b434a30e5773d72\",\"title\":\"精准扶贫3\",\"desc\":\"11313131313\",\"date\":\"2016-12-11\",\"url\":\"http://www.zmwhzhihui.com/wzxq?id=584d56af6b434a30e5773d72\"},{\"_id\":\"584d568c6b434a30e5773d70\",\"title\":\"精准扶贫1\",\"desc\":\"精准扶贫1111111\",\"date\":\"2016-12-11\",\"url\":\"http://www.zmwhzhihui.com/wzxq?id=584d568c6b434a30e5773d70\"}]}})"
*************** response log end ***************

[2016-12-23 15:52:59.706] [INFO] resLogger - 
*************** response log start ***************
request method: GET
request originalUrl:  /api/article/feeds?ids=&offset=10&pageSize=10&callback=reqwest_1482479578042
request client ip:  ::ffff:127.0.0.1
request query:  {"ids":"","offset":"10","pageSize":"10","callback":"reqwest_1482479578042"}
response time: 6
response status: 200
response body: 
"reqwest_1482479578042({\"code\":0,\"message\":\"success\",\"data\":{\"total\":42,\"data\":[{\"_id\":\"585152030f88c12046acab91\",\"title\":\"什么鬼5\",\"desc\":\"阿大沙发沙发沙发沙发沙发阿大沙发沙发沙发沙发沙发阿大沙发沙发\",\"date\":\"2016-12-14\",\"url\":\"/wzxq?id=585152030f88c12046acab91\"},{\"_id\":\"585151f90f88c12046acab90\",\"title\":\"什么鬼4\",\"desc\":\"阿大沙发沙发沙发沙发沙发阿大沙发沙发沙发沙发沙发阿大沙发沙发\",\"date\":\"2016-12-14\",\"url\":\"/wzxq?id=585151f90f88c12046acab90\"},{\"_id\":\"585151ed0f88c12046acab8f\",\"title\":\"什么鬼3\",\"desc\":\"阿大沙发沙发沙发沙发沙发阿大沙发沙发沙发沙发沙发阿大沙发沙发\",\"date\":\"2016-12-14\",\"url\":\"/wzxq?id=585151ed0f88c12046acab8f\"},{\"_id\":\"585151df0f88c12046acab8e\",\"title\":\"什么鬼2\",\"desc\":\"是打哈欠电话卡多哈空间的\",\"date\":\"2016-12-14\",\"url\":\"/wzxq?id=585151df0f88c12046acab8e\"},{\"_id\":\"585151cd0f88c12046acab8d\",\"title\":\"擦1\",\"desc\":\"啊擦大道\",\"date\":\"2016-12-14\",\"url\":\"/wzxq?id=585151cd0f88c12046acab8d\"},{\"_id\":\"585147a40f88c12046acab8c\",\"title\":\"测试\",\"desc\":\"达萨法双方撒风\",\"date\":\"2016-12-14\",\"url\":\"/wzxq?id=585147a40f88c12046acab8c\"},{\"_id\":\"58501234e120343dd39d6021\",\"title\":\"先进事例\",\"desc\":\"大大撒发放\",\"date\":\"2016-12-13\",\"url\":\"/wzxq?id=58501234e120343dd39d6021\"},{\"_id\":\"58500412e120343dd39d601f\",\"title\":\"农家书屋\",\"desc\":\"纷纷为服务范围废物废物废物\",\"date\":\"2016-12-13\",\"url\":\"/wzxq?id=58500412e120343dd39d601f\"},{\"_id\":\"58500368e120343dd39d601e\",\"title\":\"农家书屋1\",\"desc\":\"发发沙发舒服撒风发发沙发舒服撒风发发沙发舒服撒风发发沙发舒服\",\"date\":\"2016-12-14\",\"url\":\"/wzxq?id=58500368e120343dd39d601e\"},{\"_id\":\"585001b8e120343dd39d601d\",\"title\":\"农家书屋测试文章11\",\"desc\":\"发发舒服撒风萨法发生发发舒服撒风萨法发生发发舒服撒风萨法发生\",\"date\":\"2016-12-14\",\"url\":\"/wzxq?id=585001b8e120343dd39d601d\"}]}})"
*************** response log end ***************

[2016-12-23 15:53:00.718] [INFO] resLogger - 
*************** response log start ***************
request method: GET
request originalUrl:  /api/article/feeds?ids=&offset=30&pageSize=10&callback=reqwest_1482479578042
request client ip:  ::ffff:127.0.0.1
request query:  {"ids":"","offset":"30","pageSize":"10","callback":"reqwest_1482479578042"}
response time: 4
response status: 200
response body: 
"reqwest_1482479578042({\"code\":0,\"message\":\"success\",\"data\":{\"total\":42,\"data\":[{\"_id\":\"584e8d908ac0a236bf297af3\",\"title\":\"xx政策解读\",\"desc\":\"这是一个什么鬼啊啊啊啊 啊啊啊啊啊啊啊啊啊啊啊啊啊啊啊啊啊啊\",\"date\":\"2016-12-12\",\"url\":\"/wzxq?id=584e8d908ac0a236bf297af3\"},{\"_id\":\"584e8c5d7b75b3367649d43b\",\"title\":\"如何办理结婚证\",\"desc\":\"办理结婚证书时啊大大大大大大办理结婚证书时啊大大大大大大办理\",\"date\":\"2016-12-13\",\"url\":\"/wzxq?id=584e8c5d7b75b3367649d43b\"},{\"_id\":\"584e81472f64743621f4789f\",\"title\":\"测试 哈哈哈\",\"desc\":\"d大大的d大大的d大大的d大大的d大大的d大大的d大大的d大\",\"date\":\"2016-12-14\",\"url\":\"/wzxq?id=584e81472f64743621f4789f\"},{\"_id\":\"584e7e441c2f3535f1185ed4\",\"title\":\"测试\",\"desc\":\"d大大的d大大的d大大的d大大的d大大的d大大的d大大的d大\",\"date\":\"2016-12-14\",\"url\":\"/wzxq?id=584e7e441c2f3535f1185ed4\"},{\"_id\":\"584e6b80db57a6350909adc0\",\"title\":\"政策解读\",\"desc\":\"什么鬼\",\"date\":\"2016-12-12\",\"url\":\"/wzxq?id=584e6b80db57a6350909adc0\"},{\"_id\":\"584d56d06b434a30e5773d74\",\"title\":\"呵呵哈哈哈\",\"desc\":\"恍恍惚惚恍恍惚惚\",\"date\":\"2016-12-11\",\"url\":\"/wzxq?id=584d56d06b434a30e5773d74\"},{\"_id\":\"584d56bf6b434a30e5773d73\",\"title\":\"你好\",\"desc\":\"你好啊大地\",\"date\":\"2016-12-11\",\"url\":\"/wzxq?id=584d56bf6b434a30e5773d73\"},{\"_id\":\"584d56af6b434a30e5773d72\",\"title\":\"精准扶贫3\",\"desc\":\"11313131313\",\"date\":\"2016-12-11\",\"url\":\"/wzxq?id=584d56af6b434a30e5773d72\"},{\"_id\":\"584d569c6b434a30e5773d71\",\"title\":\"精准扶贫2\",\"desc\":\"哈哈哈啊哈哈\",\"date\":\"2016-12-11\",\"url\":\"/wzxq?id=584d569c6b434a30e5773d71\"},{\"_id\":\"584d568c6b434a30e5773d70\",\"title\":\"精准扶贫1\",\"desc\":\"精准扶贫1111111\",\"date\":\"2016-12-11\",\"url\":\"/wzxq?id=584d568c6b434a30e5773d70\"}]}})"
*************** response log end ***************

[2016-12-23 15:53:01.651] [INFO] resLogger - 
*************** response log start ***************
request method: GET
request originalUrl:  /api/article/feeds?ids=&offset=50&pageSize=10&callback=reqwest_1482479578042
request client ip:  ::ffff:127.0.0.1
request query:  {"ids":"","offset":"50","pageSize":"10","callback":"reqwest_1482479578042"}
response time: 4
response status: 200
response body: 
"reqwest_1482479578042({\"code\":0,\"message\":\"success\",\"data\":{\"total\":42,\"data\":[]}})"
*************** response log end ***************

[2016-12-23 15:53:01.766] [INFO] resLogger - 
*************** response log start ***************
request method: GET
request originalUrl:  /api/article/feeds?ids=&offset=70&pageSize=10&callback=reqwest_1482479578042
request client ip:  ::ffff:127.0.0.1
request query:  {"ids":"","offset":"70","pageSize":"10","callback":"reqwest_1482479578042"}
response time: 3
response status: 200
response body: 
"reqwest_1482479578042({\"code\":0,\"message\":\"success\",\"data\":{\"total\":42,\"data\":[]}})"
*************** response log end ***************

[2016-12-23 15:53:06.314] [INFO] resLogger - 
*************** response log start ***************
request method: GET
request originalUrl:  /api/page/get?name=home&callback=reqwest_1482479586294
request client ip:  ::ffff:127.0.0.1
request query:  {"name":"home","callback":"reqwest_1482479586294"}
response time: 2
response status: 200
response body: 
"reqwest_1482479586294({\"code\":0,\"message\":\"success\",\"data\":{\"_id\":\"5857fdfe1247be4c153dc39e\",\"name\":\"home\",\"text\":\"网站首页\",\"url\":\"/\",\"desc\":\"江西赣州人民政府，是全心全意为人民服务的政府,\",\"tabs\":[],\"banners\":[{\"_id\":\"5857feaf3c5a3a4c1de60ba5\",\"url\":\"www.baidu.com\",\"img\":\"https://img.alicdn.com/tfscom/TB1VkY0OFXXXXXJaFXXSutbFXXX.jpg\"},{\"_id\":\"5857feaf3c5a3a4c1de60ba4\",\"url\":\"www.tm.com\",\"img\":\"http://img.alicdn.com/tfscom/TB1C8EGOpXXXXX0XVXXSutbFXXX.jpg\"}],\"__v\":0}})"
*************** response log end ***************

[2016-12-23 15:53:06.346] [INFO] resLogger - 
*************** response log start ***************
request method: GET
request originalUrl:  /api/article/feeds?ids=%5B%22585001ade120343dd39d601a%22%2C%22585001aae120343dd39d6019%22%2C%22585001a7e120343dd39d6018%22%2C%22585001a3e120343dd39d6017%22%2C%225850019fe120343dd39d6016%22%2C%22584bc9612292682433c82c4e%22%2C%22584c02e7d8e72325f287a01f%22%2C%22584d568c6b434a30e5773d70%22%2C%22584d56af6b434a30e5773d72%22%2C%22584d56bf6b434a30e5773d73%22%2C%22584e6b80db57a6350909adc0%22%2C%22584e81472f64743621f4789f%22%5D&pageSize=10&offset=0&callback=reqwest_1482479586294
request client ip:  ::ffff:127.0.0.1
request query:  {"ids":"[\"585001ade120343dd39d601a\",\"585001aae120343dd39d6019\",\"585001a7e120343dd39d6018\",\"585001a3e120343dd39d6017\",\"5850019fe120343dd39d6016\",\"584bc9612292682433c82c4e\",\"584c02e7d8e72325f287a01f\",\"584d568c6b434a30e5773d70\",\"584d56af6b434a30e5773d72\",\"584d56bf6b434a30e5773d73\",\"584e6b80db57a6350909adc0\",\"584e81472f64743621f4789f\"]","pageSize":"10","offset":"0","callback":"reqwest_1482479586294"}
response time: 4
response status: 200
response body: 
"reqwest_1482479586294({\"code\":0,\"message\":\"success\",\"data\":{\"total\":12,\"data\":[{\"_id\":\"585001ade120343dd39d601a\",\"title\":\"农家书屋测试文章8\",\"desc\":\"发发舒服撒风萨法发生发发舒服撒风萨法发生发发舒服撒风萨法发生\",\"date\":\"2016-12-14\",\"url\":\"http://www.zmwhzhihui.com/wzxq?id=585001ade120343dd39d601a\"},{\"_id\":\"585001aae120343dd39d6019\",\"title\":\"农家书屋测试文章7\",\"desc\":\"发发舒服撒风萨法发生发发舒服撒风萨法发生发发舒服撒风萨法发生\",\"date\":\"2016-12-14\",\"url\":\"http://www.zmwhzhihui.com/wzxq?id=585001aae120343dd39d6019\"},{\"_id\":\"585001a7e120343dd39d6018\",\"title\":\"农家书屋测试文章6\",\"desc\":\"发发舒服撒风萨法发生发发舒服撒风萨法发生发发舒服撒风萨法发生\",\"date\":\"2016-12-14\",\"url\":\"http://www.zmwhzhihui.com/wzxq?id=585001a7e120343dd39d6018\"},{\"_id\":\"585001a3e120343dd39d6017\",\"title\":\"农家书屋测试文章5\",\"desc\":\"发发舒服撒风萨法发生发发舒服撒风萨法发生发发舒服撒风萨法发生\",\"date\":\"2016-12-14\",\"url\":\"http://www.zmwhzhihui.com/wzxq?id=585001a3e120343dd39d6017\"},{\"_id\":\"5850019fe120343dd39d6016\",\"title\":\"农家书屋测试文章4\",\"desc\":\"发发舒服撒风萨法发生发发舒服撒风萨法发生发发舒服撒风萨法发生\",\"date\":\"2016-12-14\",\"url\":\"http://www.zmwhzhihui.com/wzxq?id=5850019fe120343dd39d6016\"},{\"_id\":\"584e81472f64743621f4789f\",\"title\":\"测试 哈哈哈\",\"desc\":\"d大大的d大大的d大大的d大大的d大大的d大大的d大大的d大\",\"date\":\"2016-12-14\",\"url\":\"http://www.zmwhzhihui.com/wzxq?id=584e81472f64743621f4789f\"},{\"_id\":\"584e6b80db57a6350909adc0\",\"title\":\"政策解读\",\"desc\":\"什么鬼\",\"date\":\"2016-12-12\",\"url\":\"http://www.zmwhzhihui.com/wzxq?id=584e6b80db57a6350909adc0\"},{\"_id\":\"584d56bf6b434a30e5773d73\",\"title\":\"你好\",\"desc\":\"你好啊大地\",\"date\":\"2016-12-11\",\"url\":\"http://www.zmwhzhihui.com/wzxq?id=584d56bf6b434a30e5773d73\"},{\"_id\":\"584d56af6b434a30e5773d72\",\"title\":\"精准扶贫3\",\"desc\":\"11313131313\",\"date\":\"2016-12-11\",\"url\":\"http://www.zmwhzhihui.com/wzxq?id=584d56af6b434a30e5773d72\"},{\"_id\":\"584d568c6b434a30e5773d70\",\"title\":\"精准扶贫1\",\"desc\":\"精准扶贫1111111\",\"date\":\"2016-12-11\",\"url\":\"http://www.zmwhzhihui.com/wzxq?id=584d568c6b434a30e5773d70\"}]}})"
*************** response log end ***************

[2016-12-23 15:53:08.204] [INFO] resLogger - 
*************** response log start ***************
request method: GET
request originalUrl:  /api/article/feeds?ids=&offset=10&pageSize=10&callback=reqwest_1482479586294
request client ip:  ::ffff:127.0.0.1
request query:  {"ids":"","offset":"10","pageSize":"10","callback":"reqwest_1482479586294"}
response time: 3
response status: 200
response body: 
"reqwest_1482479586294({\"code\":0,\"message\":\"success\",\"data\":{\"total\":42,\"data\":[{\"_id\":\"585152030f88c12046acab91\",\"title\":\"什么鬼5\",\"desc\":\"阿大沙发沙发沙发沙发沙发阿大沙发沙发沙发沙发沙发阿大沙发沙发\",\"date\":\"2016-12-14\",\"url\":\"/wzxq?id=585152030f88c12046acab91\"},{\"_id\":\"585151f90f88c12046acab90\",\"title\":\"什么鬼4\",\"desc\":\"阿大沙发沙发沙发沙发沙发阿大沙发沙发沙发沙发沙发阿大沙发沙发\",\"date\":\"2016-12-14\",\"url\":\"/wzxq?id=585151f90f88c12046acab90\"},{\"_id\":\"585151ed0f88c12046acab8f\",\"title\":\"什么鬼3\",\"desc\":\"阿大沙发沙发沙发沙发沙发阿大沙发沙发沙发沙发沙发阿大沙发沙发\",\"date\":\"2016-12-14\",\"url\":\"/wzxq?id=585151ed0f88c12046acab8f\"},{\"_id\":\"585151df0f88c12046acab8e\",\"title\":\"什么鬼2\",\"desc\":\"是打哈欠电话卡多哈空间的\",\"date\":\"2016-12-14\",\"url\":\"/wzxq?id=585151df0f88c12046acab8e\"},{\"_id\":\"585151cd0f88c12046acab8d\",\"title\":\"擦1\",\"desc\":\"啊擦大道\",\"date\":\"2016-12-14\",\"url\":\"/wzxq?id=585151cd0f88c12046acab8d\"},{\"_id\":\"585147a40f88c12046acab8c\",\"title\":\"测试\",\"desc\":\"达萨法双方撒风\",\"date\":\"2016-12-14\",\"url\":\"/wzxq?id=585147a40f88c12046acab8c\"},{\"_id\":\"58501234e120343dd39d6021\",\"title\":\"先进事例\",\"desc\":\"大大撒发放\",\"date\":\"2016-12-13\",\"url\":\"/wzxq?id=58501234e120343dd39d6021\"},{\"_id\":\"58500412e120343dd39d601f\",\"title\":\"农家书屋\",\"desc\":\"纷纷为服务范围废物废物废物\",\"date\":\"2016-12-13\",\"url\":\"/wzxq?id=58500412e120343dd39d601f\"},{\"_id\":\"58500368e120343dd39d601e\",\"title\":\"农家书屋1\",\"desc\":\"发发沙发舒服撒风发发沙发舒服撒风发发沙发舒服撒风发发沙发舒服\",\"date\":\"2016-12-14\",\"url\":\"/wzxq?id=58500368e120343dd39d601e\"},{\"_id\":\"585001b8e120343dd39d601d\",\"title\":\"农家书屋测试文章11\",\"desc\":\"发发舒服撒风萨法发生发发舒服撒风萨法发生发发舒服撒风萨法发生\",\"date\":\"2016-12-14\",\"url\":\"/wzxq?id=585001b8e120343dd39d601d\"}]}})"
*************** response log end ***************

[2016-12-23 15:53:08.602] [INFO] resLogger - 
*************** response log start ***************
request method: GET
request originalUrl:  /api/article/feeds?ids=&offset=30&pageSize=10&callback=reqwest_1482479586294
request client ip:  ::ffff:127.0.0.1
request query:  {"ids":"","offset":"30","pageSize":"10","callback":"reqwest_1482479586294"}
response time: 4
response status: 200
response body: 
"reqwest_1482479586294({\"code\":0,\"message\":\"success\",\"data\":{\"total\":42,\"data\":[{\"_id\":\"584e8d908ac0a236bf297af3\",\"title\":\"xx政策解读\",\"desc\":\"这是一个什么鬼啊啊啊啊 啊啊啊啊啊啊啊啊啊啊啊啊啊啊啊啊啊啊\",\"date\":\"2016-12-12\",\"url\":\"/wzxq?id=584e8d908ac0a236bf297af3\"},{\"_id\":\"584e8c5d7b75b3367649d43b\",\"title\":\"如何办理结婚证\",\"desc\":\"办理结婚证书时啊大大大大大大办理结婚证书时啊大大大大大大办理\",\"date\":\"2016-12-13\",\"url\":\"/wzxq?id=584e8c5d7b75b3367649d43b\"},{\"_id\":\"584e81472f64743621f4789f\",\"title\":\"测试 哈哈哈\",\"desc\":\"d大大的d大大的d大大的d大大的d大大的d大大的d大大的d大\",\"date\":\"2016-12-14\",\"url\":\"/wzxq?id=584e81472f64743621f4789f\"},{\"_id\":\"584e7e441c2f3535f1185ed4\",\"title\":\"测试\",\"desc\":\"d大大的d大大的d大大的d大大的d大大的d大大的d大大的d大\",\"date\":\"2016-12-14\",\"url\":\"/wzxq?id=584e7e441c2f3535f1185ed4\"},{\"_id\":\"584e6b80db57a6350909adc0\",\"title\":\"政策解读\",\"desc\":\"什么鬼\",\"date\":\"2016-12-12\",\"url\":\"/wzxq?id=584e6b80db57a6350909adc0\"},{\"_id\":\"584d56d06b434a30e5773d74\",\"title\":\"呵呵哈哈哈\",\"desc\":\"恍恍惚惚恍恍惚惚\",\"date\":\"2016-12-11\",\"url\":\"/wzxq?id=584d56d06b434a30e5773d74\"},{\"_id\":\"584d56bf6b434a30e5773d73\",\"title\":\"你好\",\"desc\":\"你好啊大地\",\"date\":\"2016-12-11\",\"url\":\"/wzxq?id=584d56bf6b434a30e5773d73\"},{\"_id\":\"584d56af6b434a30e5773d72\",\"title\":\"精准扶贫3\",\"desc\":\"11313131313\",\"date\":\"2016-12-11\",\"url\":\"/wzxq?id=584d56af6b434a30e5773d72\"},{\"_id\":\"584d569c6b434a30e5773d71\",\"title\":\"精准扶贫2\",\"desc\":\"哈哈哈啊哈哈\",\"date\":\"2016-12-11\",\"url\":\"/wzxq?id=584d569c6b434a30e5773d71\"},{\"_id\":\"584d568c6b434a30e5773d70\",\"title\":\"精准扶贫1\",\"desc\":\"精准扶贫1111111\",\"date\":\"2016-12-11\",\"url\":\"/wzxq?id=584d568c6b434a30e5773d70\"}]}})"
*************** response log end ***************

[2016-12-23 15:53:09.403] [INFO] resLogger - 
*************** response log start ***************
request method: GET
request originalUrl:  /api/article/feeds?ids=&offset=50&pageSize=10&callback=reqwest_1482479586294
request client ip:  ::ffff:127.0.0.1
request query:  {"ids":"","offset":"50","pageSize":"10","callback":"reqwest_1482479586294"}
response time: 3
response status: 200
response body: 
"reqwest_1482479586294({\"code\":0,\"message\":\"success\",\"data\":{\"total\":42,\"data\":[]}})"
*************** response log end ***************

[2016-12-23 15:53:09.569] [INFO] resLogger - 
*************** response log start ***************
request method: GET
request originalUrl:  /api/article/feeds?ids=&offset=70&pageSize=10&callback=reqwest_1482479586294
request client ip:  ::ffff:127.0.0.1
request query:  {"ids":"","offset":"70","pageSize":"10","callback":"reqwest_1482479586294"}
response time: 3
response status: 200
response body: 
"reqwest_1482479586294({\"code\":0,\"message\":\"success\",\"data\":{\"total\":42,\"data\":[]}})"
*************** response log end ***************

[2016-12-23 15:53:45.452] [INFO] resLogger - 
*************** response log start ***************
request method: GET
request originalUrl:  /api/page/get?name=home&callback=reqwest_1482479625433
request client ip:  ::ffff:127.0.0.1
request query:  {"name":"home","callback":"reqwest_1482479625433"}
response time: 3
response status: 200
response body: 
"reqwest_1482479625433({\"code\":0,\"message\":\"success\",\"data\":{\"_id\":\"5857fdfe1247be4c153dc39e\",\"name\":\"home\",\"text\":\"网站首页\",\"url\":\"/\",\"desc\":\"江西赣州人民政府，是全心全意为人民服务的政府,\",\"tabs\":[],\"banners\":[{\"_id\":\"5857feaf3c5a3a4c1de60ba5\",\"url\":\"www.baidu.com\",\"img\":\"https://img.alicdn.com/tfscom/TB1VkY0OFXXXXXJaFXXSutbFXXX.jpg\"},{\"_id\":\"5857feaf3c5a3a4c1de60ba4\",\"url\":\"www.tm.com\",\"img\":\"http://img.alicdn.com/tfscom/TB1C8EGOpXXXXX0XVXXSutbFXXX.jpg\"}],\"__v\":0}})"
*************** response log end ***************

[2016-12-23 15:53:45.605] [INFO] resLogger - 
*************** response log start ***************
request method: GET
request originalUrl:  /api/article/feeds?ids=%5B%22585001ade120343dd39d601a%22%2C%22585001aae120343dd39d6019%22%2C%22585001a7e120343dd39d6018%22%2C%22585001a3e120343dd39d6017%22%2C%225850019fe120343dd39d6016%22%2C%22584bc9612292682433c82c4e%22%2C%22584c02e7d8e72325f287a01f%22%2C%22584d568c6b434a30e5773d70%22%2C%22584d56af6b434a30e5773d72%22%2C%22584d56bf6b434a30e5773d73%22%2C%22584e6b80db57a6350909adc0%22%2C%22584e81472f64743621f4789f%22%5D&pageSize=10&offset=0&callback=reqwest_1482479625433
request client ip:  ::ffff:127.0.0.1
request query:  {"ids":"[\"585001ade120343dd39d601a\",\"585001aae120343dd39d6019\",\"585001a7e120343dd39d6018\",\"585001a3e120343dd39d6017\",\"5850019fe120343dd39d6016\",\"584bc9612292682433c82c4e\",\"584c02e7d8e72325f287a01f\",\"584d568c6b434a30e5773d70\",\"584d56af6b434a30e5773d72\",\"584d56bf6b434a30e5773d73\",\"584e6b80db57a6350909adc0\",\"584e81472f64743621f4789f\"]","pageSize":"10","offset":"0","callback":"reqwest_1482479625433"}
response time: 4
response status: 200
response body: 
"reqwest_1482479625433({\"code\":0,\"message\":\"success\",\"data\":{\"total\":12,\"data\":[{\"_id\":\"585001ade120343dd39d601a\",\"title\":\"农家书屋测试文章8\",\"desc\":\"发发舒服撒风萨法发生发发舒服撒风萨法发生发发舒服撒风萨法发生\",\"date\":\"2016-12-14\",\"url\":\"http://www.zmwhzhihui.com/wzxq?id=585001ade120343dd39d601a\"},{\"_id\":\"585001aae120343dd39d6019\",\"title\":\"农家书屋测试文章7\",\"desc\":\"发发舒服撒风萨法发生发发舒服撒风萨法发生发发舒服撒风萨法发生\",\"date\":\"2016-12-14\",\"url\":\"http://www.zmwhzhihui.com/wzxq?id=585001aae120343dd39d6019\"},{\"_id\":\"585001a7e120343dd39d6018\",\"title\":\"农家书屋测试文章6\",\"desc\":\"发发舒服撒风萨法发生发发舒服撒风萨法发生发发舒服撒风萨法发生\",\"date\":\"2016-12-14\",\"url\":\"http://www.zmwhzhihui.com/wzxq?id=585001a7e120343dd39d6018\"},{\"_id\":\"585001a3e120343dd39d6017\",\"title\":\"农家书屋测试文章5\",\"desc\":\"发发舒服撒风萨法发生发发舒服撒风萨法发生发发舒服撒风萨法发生\",\"date\":\"2016-12-14\",\"url\":\"http://www.zmwhzhihui.com/wzxq?id=585001a3e120343dd39d6017\"},{\"_id\":\"5850019fe120343dd39d6016\",\"title\":\"农家书屋测试文章4\",\"desc\":\"发发舒服撒风萨法发生发发舒服撒风萨法发生发发舒服撒风萨法发生\",\"date\":\"2016-12-14\",\"url\":\"http://www.zmwhzhihui.com/wzxq?id=5850019fe120343dd39d6016\"},{\"_id\":\"584e81472f64743621f4789f\",\"title\":\"测试 哈哈哈\",\"desc\":\"d大大的d大大的d大大的d大大的d大大的d大大的d大大的d大\",\"date\":\"2016-12-14\",\"url\":\"http://www.zmwhzhihui.com/wzxq?id=584e81472f64743621f4789f\"},{\"_id\":\"584e6b80db57a6350909adc0\",\"title\":\"政策解读\",\"desc\":\"什么鬼\",\"date\":\"2016-12-12\",\"url\":\"http://www.zmwhzhihui.com/wzxq?id=584e6b80db57a6350909adc0\"},{\"_id\":\"584d56bf6b434a30e5773d73\",\"title\":\"你好\",\"desc\":\"你好啊大地\",\"date\":\"2016-12-11\",\"url\":\"http://www.zmwhzhihui.com/wzxq?id=584d56bf6b434a30e5773d73\"},{\"_id\":\"584d56af6b434a30e5773d72\",\"title\":\"精准扶贫3\",\"desc\":\"11313131313\",\"date\":\"2016-12-11\",\"url\":\"http://www.zmwhzhihui.com/wzxq?id=584d56af6b434a30e5773d72\"},{\"_id\":\"584d568c6b434a30e5773d70\",\"title\":\"精准扶贫1\",\"desc\":\"精准扶贫1111111\",\"date\":\"2016-12-11\",\"url\":\"http://www.zmwhzhihui.com/wzxq?id=584d568c6b434a30e5773d70\"}]}})"
*************** response log end ***************

[2016-12-23 15:53:47.862] [INFO] resLogger - 
*************** response log start ***************
request method: GET
request originalUrl:  /api/article/feeds?ids=&offset=10&pageSize=10&callback=reqwest_1482479625433
request client ip:  ::ffff:127.0.0.1
request query:  {"ids":"","offset":"10","pageSize":"10","callback":"reqwest_1482479625433"}
response time: 3
response status: 200
response body: 
"reqwest_1482479625433({\"code\":0,\"message\":\"success\",\"data\":{\"total\":42,\"data\":[{\"_id\":\"585152030f88c12046acab91\",\"title\":\"什么鬼5\",\"desc\":\"阿大沙发沙发沙发沙发沙发阿大沙发沙发沙发沙发沙发阿大沙发沙发\",\"date\":\"2016-12-14\",\"url\":\"/wzxq?id=585152030f88c12046acab91\"},{\"_id\":\"585151f90f88c12046acab90\",\"title\":\"什么鬼4\",\"desc\":\"阿大沙发沙发沙发沙发沙发阿大沙发沙发沙发沙发沙发阿大沙发沙发\",\"date\":\"2016-12-14\",\"url\":\"/wzxq?id=585151f90f88c12046acab90\"},{\"_id\":\"585151ed0f88c12046acab8f\",\"title\":\"什么鬼3\",\"desc\":\"阿大沙发沙发沙发沙发沙发阿大沙发沙发沙发沙发沙发阿大沙发沙发\",\"date\":\"2016-12-14\",\"url\":\"/wzxq?id=585151ed0f88c12046acab8f\"},{\"_id\":\"585151df0f88c12046acab8e\",\"title\":\"什么鬼2\",\"desc\":\"是打哈欠电话卡多哈空间的\",\"date\":\"2016-12-14\",\"url\":\"/wzxq?id=585151df0f88c12046acab8e\"},{\"_id\":\"585151cd0f88c12046acab8d\",\"title\":\"擦1\",\"desc\":\"啊擦大道\",\"date\":\"2016-12-14\",\"url\":\"/wzxq?id=585151cd0f88c12046acab8d\"},{\"_id\":\"585147a40f88c12046acab8c\",\"title\":\"测试\",\"desc\":\"达萨法双方撒风\",\"date\":\"2016-12-14\",\"url\":\"/wzxq?id=585147a40f88c12046acab8c\"},{\"_id\":\"58501234e120343dd39d6021\",\"title\":\"先进事例\",\"desc\":\"大大撒发放\",\"date\":\"2016-12-13\",\"url\":\"/wzxq?id=58501234e120343dd39d6021\"},{\"_id\":\"58500412e120343dd39d601f\",\"title\":\"农家书屋\",\"desc\":\"纷纷为服务范围废物废物废物\",\"date\":\"2016-12-13\",\"url\":\"/wzxq?id=58500412e120343dd39d601f\"},{\"_id\":\"58500368e120343dd39d601e\",\"title\":\"农家书屋1\",\"desc\":\"发发沙发舒服撒风发发沙发舒服撒风发发沙发舒服撒风发发沙发舒服\",\"date\":\"2016-12-14\",\"url\":\"/wzxq?id=58500368e120343dd39d601e\"},{\"_id\":\"585001b8e120343dd39d601d\",\"title\":\"农家书屋测试文章11\",\"desc\":\"发发舒服撒风萨法发生发发舒服撒风萨法发生发发舒服撒风萨法发生\",\"date\":\"2016-12-14\",\"url\":\"/wzxq?id=585001b8e120343dd39d601d\"}]}})"
*************** response log end ***************

[2016-12-23 15:53:49.262] [INFO] resLogger - 
*************** response log start ***************
request method: GET
request originalUrl:  /api/article/feeds?ids=&offset=30&pageSize=10&callback=reqwest_1482479625433
request client ip:  ::ffff:127.0.0.1
request query:  {"ids":"","offset":"30","pageSize":"10","callback":"reqwest_1482479625433"}
response time: 4
response status: 200
response body: 
"reqwest_1482479625433({\"code\":0,\"message\":\"success\",\"data\":{\"total\":42,\"data\":[{\"_id\":\"584e8d908ac0a236bf297af3\",\"title\":\"xx政策解读\",\"desc\":\"这是一个什么鬼啊啊啊啊 啊啊啊啊啊啊啊啊啊啊啊啊啊啊啊啊啊啊\",\"date\":\"2016-12-12\",\"url\":\"/wzxq?id=584e8d908ac0a236bf297af3\"},{\"_id\":\"584e8c5d7b75b3367649d43b\",\"title\":\"如何办理结婚证\",\"desc\":\"办理结婚证书时啊大大大大大大办理结婚证书时啊大大大大大大办理\",\"date\":\"2016-12-13\",\"url\":\"/wzxq?id=584e8c5d7b75b3367649d43b\"},{\"_id\":\"584e81472f64743621f4789f\",\"title\":\"测试 哈哈哈\",\"desc\":\"d大大的d大大的d大大的d大大的d大大的d大大的d大大的d大\",\"date\":\"2016-12-14\",\"url\":\"/wzxq?id=584e81472f64743621f4789f\"},{\"_id\":\"584e7e441c2f3535f1185ed4\",\"title\":\"测试\",\"desc\":\"d大大的d大大的d大大的d大大的d大大的d大大的d大大的d大\",\"date\":\"2016-12-14\",\"url\":\"/wzxq?id=584e7e441c2f3535f1185ed4\"},{\"_id\":\"584e6b80db57a6350909adc0\",\"title\":\"政策解读\",\"desc\":\"什么鬼\",\"date\":\"2016-12-12\",\"url\":\"/wzxq?id=584e6b80db57a6350909adc0\"},{\"_id\":\"584d56d06b434a30e5773d74\",\"title\":\"呵呵哈哈哈\",\"desc\":\"恍恍惚惚恍恍惚惚\",\"date\":\"2016-12-11\",\"url\":\"/wzxq?id=584d56d06b434a30e5773d74\"},{\"_id\":\"584d56bf6b434a30e5773d73\",\"title\":\"你好\",\"desc\":\"你好啊大地\",\"date\":\"2016-12-11\",\"url\":\"/wzxq?id=584d56bf6b434a30e5773d73\"},{\"_id\":\"584d56af6b434a30e5773d72\",\"title\":\"精准扶贫3\",\"desc\":\"11313131313\",\"date\":\"2016-12-11\",\"url\":\"/wzxq?id=584d56af6b434a30e5773d72\"},{\"_id\":\"584d569c6b434a30e5773d71\",\"title\":\"精准扶贫2\",\"desc\":\"哈哈哈啊哈哈\",\"date\":\"2016-12-11\",\"url\":\"/wzxq?id=584d569c6b434a30e5773d71\"},{\"_id\":\"584d568c6b434a30e5773d70\",\"title\":\"精准扶贫1\",\"desc\":\"精准扶贫1111111\",\"date\":\"2016-12-11\",\"url\":\"/wzxq?id=584d568c6b434a30e5773d70\"}]}})"
*************** response log end ***************

[2016-12-23 15:53:49.980] [INFO] resLogger - 
*************** response log start ***************
request method: GET
request originalUrl:  /api/article/feeds?ids=&offset=50&pageSize=10&callback=reqwest_1482479625433
request client ip:  ::ffff:127.0.0.1
request query:  {"ids":"","offset":"50","pageSize":"10","callback":"reqwest_1482479625433"}
response time: 4
response status: 200
response body: 
"reqwest_1482479625433({\"code\":0,\"message\":\"success\",\"data\":{\"total\":42,\"data\":[]}})"
*************** response log end ***************

[2016-12-23 15:53:50.298] [INFO] resLogger - 
*************** response log start ***************
request method: GET
request originalUrl:  /api/article/feeds?ids=&offset=70&pageSize=10&callback=reqwest_1482479625433
request client ip:  ::ffff:127.0.0.1
request query:  {"ids":"","offset":"70","pageSize":"10","callback":"reqwest_1482479625433"}
response time: 5
response status: 200
response body: 
"reqwest_1482479625433({\"code\":0,\"message\":\"success\",\"data\":{\"total\":42,\"data\":[]}})"
*************** response log end ***************

[2016-12-23 15:55:39.148] [INFO] resLogger - 
*************** response log start ***************
request method: GET
request originalUrl:  /api/page/get?name=home&callback=reqwest_1482479739122
request client ip:  ::ffff:127.0.0.1
request query:  {"name":"home","callback":"reqwest_1482479739122"}
response time: 2
response status: 200
response body: 
"reqwest_1482479739122({\"code\":0,\"message\":\"success\",\"data\":{\"_id\":\"5857fdfe1247be4c153dc39e\",\"name\":\"home\",\"text\":\"网站首页\",\"url\":\"/\",\"desc\":\"江西赣州人民政府，是全心全意为人民服务的政府,\",\"tabs\":[],\"banners\":[{\"_id\":\"5857feaf3c5a3a4c1de60ba5\",\"url\":\"www.baidu.com\",\"img\":\"https://img.alicdn.com/tfscom/TB1VkY0OFXXXXXJaFXXSutbFXXX.jpg\"},{\"_id\":\"5857feaf3c5a3a4c1de60ba4\",\"url\":\"www.tm.com\",\"img\":\"http://img.alicdn.com/tfscom/TB1C8EGOpXXXXX0XVXXSutbFXXX.jpg\"}],\"__v\":0}})"
*************** response log end ***************

[2016-12-23 15:55:39.326] [INFO] resLogger - 
*************** response log start ***************
request method: GET
request originalUrl:  /api/article/feeds?ids=%5B%22585001ade120343dd39d601a%22%2C%22585001aae120343dd39d6019%22%2C%22585001a7e120343dd39d6018%22%2C%22585001a3e120343dd39d6017%22%2C%225850019fe120343dd39d6016%22%2C%22584bc9612292682433c82c4e%22%2C%22584c02e7d8e72325f287a01f%22%2C%22584d568c6b434a30e5773d70%22%2C%22584d56af6b434a30e5773d72%22%2C%22584d56bf6b434a30e5773d73%22%2C%22584e6b80db57a6350909adc0%22%2C%22584e81472f64743621f4789f%22%5D&pageSize=10&offset=0&callback=reqwest_1482479739122
request client ip:  ::ffff:127.0.0.1
request query:  {"ids":"[\"585001ade120343dd39d601a\",\"585001aae120343dd39d6019\",\"585001a7e120343dd39d6018\",\"585001a3e120343dd39d6017\",\"5850019fe120343dd39d6016\",\"584bc9612292682433c82c4e\",\"584c02e7d8e72325f287a01f\",\"584d568c6b434a30e5773d70\",\"584d56af6b434a30e5773d72\",\"584d56bf6b434a30e5773d73\",\"584e6b80db57a6350909adc0\",\"584e81472f64743621f4789f\"]","pageSize":"10","offset":"0","callback":"reqwest_1482479739122"}
response time: 6
response status: 200
response body: 
"reqwest_1482479739122({\"code\":0,\"message\":\"success\",\"data\":{\"total\":12,\"data\":[{\"_id\":\"585001ade120343dd39d601a\",\"title\":\"农家书屋测试文章8\",\"desc\":\"发发舒服撒风萨法发生发发舒服撒风萨法发生发发舒服撒风萨法发生\",\"date\":\"2016-12-14\",\"url\":\"http://www.zmwhzhihui.com/wzxq?id=585001ade120343dd39d601a\"},{\"_id\":\"585001aae120343dd39d6019\",\"title\":\"农家书屋测试文章7\",\"desc\":\"发发舒服撒风萨法发生发发舒服撒风萨法发生发发舒服撒风萨法发生\",\"date\":\"2016-12-14\",\"url\":\"http://www.zmwhzhihui.com/wzxq?id=585001aae120343dd39d6019\"},{\"_id\":\"585001a7e120343dd39d6018\",\"title\":\"农家书屋测试文章6\",\"desc\":\"发发舒服撒风萨法发生发发舒服撒风萨法发生发发舒服撒风萨法发生\",\"date\":\"2016-12-14\",\"url\":\"http://www.zmwhzhihui.com/wzxq?id=585001a7e120343dd39d6018\"},{\"_id\":\"585001a3e120343dd39d6017\",\"title\":\"农家书屋测试文章5\",\"desc\":\"发发舒服撒风萨法发生发发舒服撒风萨法发生发发舒服撒风萨法发生\",\"date\":\"2016-12-14\",\"url\":\"http://www.zmwhzhihui.com/wzxq?id=585001a3e120343dd39d6017\"},{\"_id\":\"5850019fe120343dd39d6016\",\"title\":\"农家书屋测试文章4\",\"desc\":\"发发舒服撒风萨法发生发发舒服撒风萨法发生发发舒服撒风萨法发生\",\"date\":\"2016-12-14\",\"url\":\"http://www.zmwhzhihui.com/wzxq?id=5850019fe120343dd39d6016\"},{\"_id\":\"584e81472f64743621f4789f\",\"title\":\"测试 哈哈哈\",\"desc\":\"d大大的d大大的d大大的d大大的d大大的d大大的d大大的d大\",\"date\":\"2016-12-14\",\"url\":\"http://www.zmwhzhihui.com/wzxq?id=584e81472f64743621f4789f\"},{\"_id\":\"584e6b80db57a6350909adc0\",\"title\":\"政策解读\",\"desc\":\"什么鬼\",\"date\":\"2016-12-12\",\"url\":\"http://www.zmwhzhihui.com/wzxq?id=584e6b80db57a6350909adc0\"},{\"_id\":\"584d56bf6b434a30e5773d73\",\"title\":\"你好\",\"desc\":\"你好啊大地\",\"date\":\"2016-12-11\",\"url\":\"http://www.zmwhzhihui.com/wzxq?id=584d56bf6b434a30e5773d73\"},{\"_id\":\"584d56af6b434a30e5773d72\",\"title\":\"精准扶贫3\",\"desc\":\"11313131313\",\"date\":\"2016-12-11\",\"url\":\"http://www.zmwhzhihui.com/wzxq?id=584d56af6b434a30e5773d72\"},{\"_id\":\"584d568c6b434a30e5773d70\",\"title\":\"精准扶贫1\",\"desc\":\"精准扶贫1111111\",\"date\":\"2016-12-11\",\"url\":\"http://www.zmwhzhihui.com/wzxq?id=584d568c6b434a30e5773d70\"}]}})"
*************** response log end ***************

[2016-12-23 15:55:40.239] [INFO] resLogger - 
*************** response log start ***************
request method: GET
request originalUrl:  /api/article/feeds?ids=&offset=10&pageSize=10&callback=reqwest_1482479739122
request client ip:  ::ffff:127.0.0.1
request query:  {"ids":"","offset":"10","pageSize":"10","callback":"reqwest_1482479739122"}
response time: 4
response status: 200
response body: 
"reqwest_1482479739122({\"code\":0,\"message\":\"success\",\"data\":{\"total\":42,\"data\":[{\"_id\":\"585152030f88c12046acab91\",\"title\":\"什么鬼5\",\"desc\":\"阿大沙发沙发沙发沙发沙发阿大沙发沙发沙发沙发沙发阿大沙发沙发\",\"date\":\"2016-12-14\",\"url\":\"/wzxq?id=585152030f88c12046acab91\"},{\"_id\":\"585151f90f88c12046acab90\",\"title\":\"什么鬼4\",\"desc\":\"阿大沙发沙发沙发沙发沙发阿大沙发沙发沙发沙发沙发阿大沙发沙发\",\"date\":\"2016-12-14\",\"url\":\"/wzxq?id=585151f90f88c12046acab90\"},{\"_id\":\"585151ed0f88c12046acab8f\",\"title\":\"什么鬼3\",\"desc\":\"阿大沙发沙发沙发沙发沙发阿大沙发沙发沙发沙发沙发阿大沙发沙发\",\"date\":\"2016-12-14\",\"url\":\"/wzxq?id=585151ed0f88c12046acab8f\"},{\"_id\":\"585151df0f88c12046acab8e\",\"title\":\"什么鬼2\",\"desc\":\"是打哈欠电话卡多哈空间的\",\"date\":\"2016-12-14\",\"url\":\"/wzxq?id=585151df0f88c12046acab8e\"},{\"_id\":\"585151cd0f88c12046acab8d\",\"title\":\"擦1\",\"desc\":\"啊擦大道\",\"date\":\"2016-12-14\",\"url\":\"/wzxq?id=585151cd0f88c12046acab8d\"},{\"_id\":\"585147a40f88c12046acab8c\",\"title\":\"测试\",\"desc\":\"达萨法双方撒风\",\"date\":\"2016-12-14\",\"url\":\"/wzxq?id=585147a40f88c12046acab8c\"},{\"_id\":\"58501234e120343dd39d6021\",\"title\":\"先进事例\",\"desc\":\"大大撒发放\",\"date\":\"2016-12-13\",\"url\":\"/wzxq?id=58501234e120343dd39d6021\"},{\"_id\":\"58500412e120343dd39d601f\",\"title\":\"农家书屋\",\"desc\":\"纷纷为服务范围废物废物废物\",\"date\":\"2016-12-13\",\"url\":\"/wzxq?id=58500412e120343dd39d601f\"},{\"_id\":\"58500368e120343dd39d601e\",\"title\":\"农家书屋1\",\"desc\":\"发发沙发舒服撒风发发沙发舒服撒风发发沙发舒服撒风发发沙发舒服\",\"date\":\"2016-12-14\",\"url\":\"/wzxq?id=58500368e120343dd39d601e\"},{\"_id\":\"585001b8e120343dd39d601d\",\"title\":\"农家书屋测试文章11\",\"desc\":\"发发舒服撒风萨法发生发发舒服撒风萨法发生发发舒服撒风萨法发生\",\"date\":\"2016-12-14\",\"url\":\"/wzxq?id=585001b8e120343dd39d601d\"}]}})"
*************** response log end ***************

[2016-12-23 15:57:59.125] [INFO] resLogger - 
*************** response log start ***************
request method: GET
request originalUrl:  /api/page/get?name=home&callback=reqwest_1482479879070
request client ip:  ::ffff:127.0.0.1
request query:  {"name":"home","callback":"reqwest_1482479879070"}
response time: 18
response status: 200
response body: 
"reqwest_1482479879070({\"code\":0,\"message\":\"success\",\"data\":{\"_id\":\"5857fdfe1247be4c153dc39e\",\"name\":\"home\",\"text\":\"网站首页\",\"url\":\"/\",\"desc\":\"江西赣州人民政府，是全心全意为人民服务的政府,\",\"tabs\":[],\"banners\":[{\"_id\":\"5857feaf3c5a3a4c1de60ba5\",\"url\":\"www.baidu.com\",\"img\":\"https://img.alicdn.com/tfscom/TB1VkY0OFXXXXXJaFXXSutbFXXX.jpg\"},{\"_id\":\"5857feaf3c5a3a4c1de60ba4\",\"url\":\"www.tm.com\",\"img\":\"http://img.alicdn.com/tfscom/TB1C8EGOpXXXXX0XVXXSutbFXXX.jpg\"}],\"__v\":0}})"
*************** response log end ***************

[2016-12-23 15:57:59.266] [INFO] resLogger - 
*************** response log start ***************
request method: GET
request originalUrl:  /api/article/feeds?ids=%5B%22585001ade120343dd39d601a%22%2C%22585001aae120343dd39d6019%22%2C%22585001a7e120343dd39d6018%22%2C%22585001a3e120343dd39d6017%22%2C%225850019fe120343dd39d6016%22%2C%22584bc9612292682433c82c4e%22%2C%22584c02e7d8e72325f287a01f%22%2C%22584d568c6b434a30e5773d70%22%2C%22584d56af6b434a30e5773d72%22%2C%22584d56bf6b434a30e5773d73%22%2C%22584e6b80db57a6350909adc0%22%2C%22584e81472f64743621f4789f%22%5D&pageSize=10&offset=0&callback=reqwest_1482479879070
request client ip:  ::ffff:127.0.0.1
request query:  {"ids":"[\"585001ade120343dd39d601a\",\"585001aae120343dd39d6019\",\"585001a7e120343dd39d6018\",\"585001a3e120343dd39d6017\",\"5850019fe120343dd39d6016\",\"584bc9612292682433c82c4e\",\"584c02e7d8e72325f287a01f\",\"584d568c6b434a30e5773d70\",\"584d56af6b434a30e5773d72\",\"584d56bf6b434a30e5773d73\",\"584e6b80db57a6350909adc0\",\"584e81472f64743621f4789f\"]","pageSize":"10","offset":"0","callback":"reqwest_1482479879070"}
response time: 25
response status: 200
response body: 
"reqwest_1482479879070({\"code\":0,\"message\":\"success\",\"data\":{\"total\":12,\"data\":[{\"_id\":\"585001ade120343dd39d601a\",\"title\":\"农家书屋测试文章8\",\"desc\":\"发发舒服撒风萨法发生发发舒服撒风萨法发生发发舒服撒风萨法发生\",\"date\":\"2016-12-14\",\"url\":\"http://www.zmwhzhihui.com/wzxq?id=585001ade120343dd39d601a\"},{\"_id\":\"585001aae120343dd39d6019\",\"title\":\"农家书屋测试文章7\",\"desc\":\"发发舒服撒风萨法发生发发舒服撒风萨法发生发发舒服撒风萨法发生\",\"date\":\"2016-12-14\",\"url\":\"http://www.zmwhzhihui.com/wzxq?id=585001aae120343dd39d6019\"},{\"_id\":\"585001a7e120343dd39d6018\",\"title\":\"农家书屋测试文章6\",\"desc\":\"发发舒服撒风萨法发生发发舒服撒风萨法发生发发舒服撒风萨法发生\",\"date\":\"2016-12-14\",\"url\":\"http://www.zmwhzhihui.com/wzxq?id=585001a7e120343dd39d6018\"},{\"_id\":\"585001a3e120343dd39d6017\",\"title\":\"农家书屋测试文章5\",\"desc\":\"发发舒服撒风萨法发生发发舒服撒风萨法发生发发舒服撒风萨法发生\",\"date\":\"2016-12-14\",\"url\":\"http://www.zmwhzhihui.com/wzxq?id=585001a3e120343dd39d6017\"},{\"_id\":\"5850019fe120343dd39d6016\",\"title\":\"农家书屋测试文章4\",\"desc\":\"发发舒服撒风萨法发生发发舒服撒风萨法发生发发舒服撒风萨法发生\",\"date\":\"2016-12-14\",\"url\":\"http://www.zmwhzhihui.com/wzxq?id=5850019fe120343dd39d6016\"},{\"_id\":\"584e81472f64743621f4789f\",\"title\":\"测试 哈哈哈\",\"desc\":\"d大大的d大大的d大大的d大大的d大大的d大大的d大大的d大\",\"date\":\"2016-12-14\",\"url\":\"http://www.zmwhzhihui.com/wzxq?id=584e81472f64743621f4789f\"},{\"_id\":\"584e6b80db57a6350909adc0\",\"title\":\"政策解读\",\"desc\":\"什么鬼\",\"date\":\"2016-12-12\",\"url\":\"http://www.zmwhzhihui.com/wzxq?id=584e6b80db57a6350909adc0\"},{\"_id\":\"584d56bf6b434a30e5773d73\",\"title\":\"你好\",\"desc\":\"你好啊大地\",\"date\":\"2016-12-11\",\"url\":\"http://www.zmwhzhihui.com/wzxq?id=584d56bf6b434a30e5773d73\"},{\"_id\":\"584d56af6b434a30e5773d72\",\"title\":\"精准扶贫3\",\"desc\":\"11313131313\",\"date\":\"2016-12-11\",\"url\":\"http://www.zmwhzhihui.com/wzxq?id=584d56af6b434a30e5773d72\"},{\"_id\":\"584d568c6b434a30e5773d70\",\"title\":\"精准扶贫1\",\"desc\":\"精准扶贫1111111\",\"date\":\"2016-12-11\",\"url\":\"http://www.zmwhzhihui.com/wzxq?id=584d568c6b434a30e5773d70\"}]}})"
*************** response log end ***************

[2016-12-23 15:58:08.619] [INFO] resLogger - 
*************** response log start ***************
request method: GET
request originalUrl:  /api/article/feeds?ids=&offset=10&pageSize=10&callback=reqwest_1482479879070
request client ip:  ::ffff:127.0.0.1
request query:  {"ids":"","offset":"10","pageSize":"10","callback":"reqwest_1482479879070"}
response time: 4
response status: 200
response body: 
"reqwest_1482479879070({\"code\":0,\"message\":\"success\",\"data\":{\"total\":42,\"data\":[{\"_id\":\"585152030f88c12046acab91\",\"title\":\"什么鬼5\",\"desc\":\"阿大沙发沙发沙发沙发沙发阿大沙发沙发沙发沙发沙发阿大沙发沙发\",\"date\":\"2016-12-14\",\"url\":\"/wzxq?id=585152030f88c12046acab91\"},{\"_id\":\"585151f90f88c12046acab90\",\"title\":\"什么鬼4\",\"desc\":\"阿大沙发沙发沙发沙发沙发阿大沙发沙发沙发沙发沙发阿大沙发沙发\",\"date\":\"2016-12-14\",\"url\":\"/wzxq?id=585151f90f88c12046acab90\"},{\"_id\":\"585151ed0f88c12046acab8f\",\"title\":\"什么鬼3\",\"desc\":\"阿大沙发沙发沙发沙发沙发阿大沙发沙发沙发沙发沙发阿大沙发沙发\",\"date\":\"2016-12-14\",\"url\":\"/wzxq?id=585151ed0f88c12046acab8f\"},{\"_id\":\"585151df0f88c12046acab8e\",\"title\":\"什么鬼2\",\"desc\":\"是打哈欠电话卡多哈空间的\",\"date\":\"2016-12-14\",\"url\":\"/wzxq?id=585151df0f88c12046acab8e\"},{\"_id\":\"585151cd0f88c12046acab8d\",\"title\":\"擦1\",\"desc\":\"啊擦大道\",\"date\":\"2016-12-14\",\"url\":\"/wzxq?id=585151cd0f88c12046acab8d\"},{\"_id\":\"585147a40f88c12046acab8c\",\"title\":\"测试\",\"desc\":\"达萨法双方撒风\",\"date\":\"2016-12-14\",\"url\":\"/wzxq?id=585147a40f88c12046acab8c\"},{\"_id\":\"58501234e120343dd39d6021\",\"title\":\"先进事例\",\"desc\":\"大大撒发放\",\"date\":\"2016-12-13\",\"url\":\"/wzxq?id=58501234e120343dd39d6021\"},{\"_id\":\"58500412e120343dd39d601f\",\"title\":\"农家书屋\",\"desc\":\"纷纷为服务范围废物废物废物\",\"date\":\"2016-12-13\",\"url\":\"/wzxq?id=58500412e120343dd39d601f\"},{\"_id\":\"58500368e120343dd39d601e\",\"title\":\"农家书屋1\",\"desc\":\"发发沙发舒服撒风发发沙发舒服撒风发发沙发舒服撒风发发沙发舒服\",\"date\":\"2016-12-14\",\"url\":\"/wzxq?id=58500368e120343dd39d601e\"},{\"_id\":\"585001b8e120343dd39d601d\",\"title\":\"农家书屋测试文章11\",\"desc\":\"发发舒服撒风萨法发生发发舒服撒风萨法发生发发舒服撒风萨法发生\",\"date\":\"2016-12-14\",\"url\":\"/wzxq?id=585001b8e120343dd39d601d\"}]}})"
*************** response log end ***************

[2016-12-23 15:58:50.055] [INFO] resLogger - 
*************** response log start ***************
request method: GET
request originalUrl:  /api/page/get?name=home&callback=reqwest_1482479929998
request client ip:  ::ffff:127.0.0.1
request query:  {"name":"home","callback":"reqwest_1482479929998"}
response time: 24
response status: 200
response body: 
"reqwest_1482479929998({\"code\":0,\"message\":\"success\",\"data\":{\"_id\":\"5857fdfe1247be4c153dc39e\",\"name\":\"home\",\"text\":\"网站首页\",\"url\":\"/\",\"desc\":\"江西赣州人民政府，是全心全意为人民服务的政府,\",\"tabs\":[],\"banners\":[{\"_id\":\"5857feaf3c5a3a4c1de60ba5\",\"url\":\"www.baidu.com\",\"img\":\"https://img.alicdn.com/tfscom/TB1VkY0OFXXXXXJaFXXSutbFXXX.jpg\"},{\"_id\":\"5857feaf3c5a3a4c1de60ba4\",\"url\":\"www.tm.com\",\"img\":\"http://img.alicdn.com/tfscom/TB1C8EGOpXXXXX0XVXXSutbFXXX.jpg\"}],\"__v\":0}})"
*************** response log end ***************

[2016-12-23 15:58:50.255] [INFO] resLogger - 
*************** response log start ***************
request method: GET
request originalUrl:  /api/article/feeds?ids=%5B%22585001ade120343dd39d601a%22%2C%22585001aae120343dd39d6019%22%2C%22585001a7e120343dd39d6018%22%2C%22585001a3e120343dd39d6017%22%2C%225850019fe120343dd39d6016%22%2C%22584bc9612292682433c82c4e%22%2C%22584c02e7d8e72325f287a01f%22%2C%22584d568c6b434a30e5773d70%22%2C%22584d56af6b434a30e5773d72%22%2C%22584d56bf6b434a30e5773d73%22%2C%22584e6b80db57a6350909adc0%22%2C%22584e81472f64743621f4789f%22%5D&pageSize=10&offset=0&callback=reqwest_1482479929998
request client ip:  ::ffff:127.0.0.1
request query:  {"ids":"[\"585001ade120343dd39d601a\",\"585001aae120343dd39d6019\",\"585001a7e120343dd39d6018\",\"585001a3e120343dd39d6017\",\"5850019fe120343dd39d6016\",\"584bc9612292682433c82c4e\",\"584c02e7d8e72325f287a01f\",\"584d568c6b434a30e5773d70\",\"584d56af6b434a30e5773d72\",\"584d56bf6b434a30e5773d73\",\"584e6b80db57a6350909adc0\",\"584e81472f64743621f4789f\"]","pageSize":"10","offset":"0","callback":"reqwest_1482479929998"}
response time: 19
response status: 200
response body: 
"reqwest_1482479929998({\"code\":0,\"message\":\"success\",\"data\":{\"total\":12,\"data\":[{\"_id\":\"585001ade120343dd39d601a\",\"title\":\"农家书屋测试文章8\",\"desc\":\"发发舒服撒风萨法发生发发舒服撒风萨法发生发发舒服撒风萨法发生\",\"date\":\"2016-12-14\",\"url\":\"http://www.zmwhzhihui.com/wzxq?id=585001ade120343dd39d601a\"},{\"_id\":\"585001aae120343dd39d6019\",\"title\":\"农家书屋测试文章7\",\"desc\":\"发发舒服撒风萨法发生发发舒服撒风萨法发生发发舒服撒风萨法发生\",\"date\":\"2016-12-14\",\"url\":\"http://www.zmwhzhihui.com/wzxq?id=585001aae120343dd39d6019\"},{\"_id\":\"585001a7e120343dd39d6018\",\"title\":\"农家书屋测试文章6\",\"desc\":\"发发舒服撒风萨法发生发发舒服撒风萨法发生发发舒服撒风萨法发生\",\"date\":\"2016-12-14\",\"url\":\"http://www.zmwhzhihui.com/wzxq?id=585001a7e120343dd39d6018\"},{\"_id\":\"585001a3e120343dd39d6017\",\"title\":\"农家书屋测试文章5\",\"desc\":\"发发舒服撒风萨法发生发发舒服撒风萨法发生发发舒服撒风萨法发生\",\"date\":\"2016-12-14\",\"url\":\"http://www.zmwhzhihui.com/wzxq?id=585001a3e120343dd39d6017\"},{\"_id\":\"5850019fe120343dd39d6016\",\"title\":\"农家书屋测试文章4\",\"desc\":\"发发舒服撒风萨法发生发发舒服撒风萨法发生发发舒服撒风萨法发生\",\"date\":\"2016-12-14\",\"url\":\"http://www.zmwhzhihui.com/wzxq?id=5850019fe120343dd39d6016\"},{\"_id\":\"584e81472f64743621f4789f\",\"title\":\"测试 哈哈哈\",\"desc\":\"d大大的d大大的d大大的d大大的d大大的d大大的d大大的d大\",\"date\":\"2016-12-14\",\"url\":\"http://www.zmwhzhihui.com/wzxq?id=584e81472f64743621f4789f\"},{\"_id\":\"584e6b80db57a6350909adc0\",\"title\":\"政策解读\",\"desc\":\"什么鬼\",\"date\":\"2016-12-12\",\"url\":\"http://www.zmwhzhihui.com/wzxq?id=584e6b80db57a6350909adc0\"},{\"_id\":\"584d56bf6b434a30e5773d73\",\"title\":\"你好\",\"desc\":\"你好啊大地\",\"date\":\"2016-12-11\",\"url\":\"http://www.zmwhzhihui.com/wzxq?id=584d56bf6b434a30e5773d73\"},{\"_id\":\"584d56af6b434a30e5773d72\",\"title\":\"精准扶贫3\",\"desc\":\"11313131313\",\"date\":\"2016-12-11\",\"url\":\"http://www.zmwhzhihui.com/wzxq?id=584d56af6b434a30e5773d72\"},{\"_id\":\"584d568c6b434a30e5773d70\",\"title\":\"精准扶贫1\",\"desc\":\"精准扶贫1111111\",\"date\":\"2016-12-11\",\"url\":\"http://www.zmwhzhihui.com/wzxq?id=584d568c6b434a30e5773d70\"}]}})"
*************** response log end ***************

[2016-12-23 15:58:54.576] [INFO] resLogger - 
*************** response log start ***************
request method: GET
request originalUrl:  /api/article/feeds?ids=&offset=10&pageSize=10&callback=reqwest_1482479929998
request client ip:  ::ffff:127.0.0.1
request query:  {"ids":"","offset":"10","pageSize":"10","callback":"reqwest_1482479929998"}
response time: 4
response status: 200
response body: 
"reqwest_1482479929998({\"code\":0,\"message\":\"success\",\"data\":{\"total\":42,\"data\":[{\"_id\":\"585152030f88c12046acab91\",\"title\":\"什么鬼5\",\"desc\":\"阿大沙发沙发沙发沙发沙发阿大沙发沙发沙发沙发沙发阿大沙发沙发\",\"date\":\"2016-12-14\",\"url\":\"/wzxq?id=585152030f88c12046acab91\"},{\"_id\":\"585151f90f88c12046acab90\",\"title\":\"什么鬼4\",\"desc\":\"阿大沙发沙发沙发沙发沙发阿大沙发沙发沙发沙发沙发阿大沙发沙发\",\"date\":\"2016-12-14\",\"url\":\"/wzxq?id=585151f90f88c12046acab90\"},{\"_id\":\"585151ed0f88c12046acab8f\",\"title\":\"什么鬼3\",\"desc\":\"阿大沙发沙发沙发沙发沙发阿大沙发沙发沙发沙发沙发阿大沙发沙发\",\"date\":\"2016-12-14\",\"url\":\"/wzxq?id=585151ed0f88c12046acab8f\"},{\"_id\":\"585151df0f88c12046acab8e\",\"title\":\"什么鬼2\",\"desc\":\"是打哈欠电话卡多哈空间的\",\"date\":\"2016-12-14\",\"url\":\"/wzxq?id=585151df0f88c12046acab8e\"},{\"_id\":\"585151cd0f88c12046acab8d\",\"title\":\"擦1\",\"desc\":\"啊擦大道\",\"date\":\"2016-12-14\",\"url\":\"/wzxq?id=585151cd0f88c12046acab8d\"},{\"_id\":\"585147a40f88c12046acab8c\",\"title\":\"测试\",\"desc\":\"达萨法双方撒风\",\"date\":\"2016-12-14\",\"url\":\"/wzxq?id=585147a40f88c12046acab8c\"},{\"_id\":\"58501234e120343dd39d6021\",\"title\":\"先进事例\",\"desc\":\"大大撒发放\",\"date\":\"2016-12-13\",\"url\":\"/wzxq?id=58501234e120343dd39d6021\"},{\"_id\":\"58500412e120343dd39d601f\",\"title\":\"农家书屋\",\"desc\":\"纷纷为服务范围废物废物废物\",\"date\":\"2016-12-13\",\"url\":\"/wzxq?id=58500412e120343dd39d601f\"},{\"_id\":\"58500368e120343dd39d601e\",\"title\":\"农家书屋1\",\"desc\":\"发发沙发舒服撒风发发沙发舒服撒风发发沙发舒服撒风发发沙发舒服\",\"date\":\"2016-12-14\",\"url\":\"/wzxq?id=58500368e120343dd39d601e\"},{\"_id\":\"585001b8e120343dd39d601d\",\"title\":\"农家书屋测试文章11\",\"desc\":\"发发舒服撒风萨法发生发发舒服撒风萨法发生发发舒服撒风萨法发生\",\"date\":\"2016-12-14\",\"url\":\"/wzxq?id=585001b8e120343dd39d601d\"}]}})"
*************** response log end ***************

[2016-12-23 15:59:56.871] [INFO] resLogger - 
*************** response log start ***************
request method: GET
request originalUrl:  /api/page/get?name=home&callback=reqwest_1482479996848
request client ip:  ::ffff:127.0.0.1
request query:  {"name":"home","callback":"reqwest_1482479996848"}
response time: 4
response status: 200
response body: 
"reqwest_1482479996848({\"code\":0,\"message\":\"success\",\"data\":{\"_id\":\"5857fdfe1247be4c153dc39e\",\"name\":\"home\",\"text\":\"网站首页\",\"url\":\"/\",\"desc\":\"江西赣州人民政府，是全心全意为人民服务的政府,\",\"tabs\":[],\"banners\":[{\"_id\":\"5857feaf3c5a3a4c1de60ba5\",\"url\":\"www.baidu.com\",\"img\":\"https://img.alicdn.com/tfscom/TB1VkY0OFXXXXXJaFXXSutbFXXX.jpg\"},{\"_id\":\"5857feaf3c5a3a4c1de60ba4\",\"url\":\"www.tm.com\",\"img\":\"http://img.alicdn.com/tfscom/TB1C8EGOpXXXXX0XVXXSutbFXXX.jpg\"}],\"__v\":0}})"
*************** response log end ***************

[2016-12-23 15:59:57.021] [INFO] resLogger - 
*************** response log start ***************
request method: GET
request originalUrl:  /api/article/feeds?ids=%5B%22585001ade120343dd39d601a%22%2C%22585001aae120343dd39d6019%22%2C%22585001a7e120343dd39d6018%22%2C%22585001a3e120343dd39d6017%22%2C%225850019fe120343dd39d6016%22%2C%22584bc9612292682433c82c4e%22%2C%22584c02e7d8e72325f287a01f%22%2C%22584d568c6b434a30e5773d70%22%2C%22584d56af6b434a30e5773d72%22%2C%22584d56bf6b434a30e5773d73%22%2C%22584e6b80db57a6350909adc0%22%2C%22584e81472f64743621f4789f%22%5D&pageSize=10&offset=0&callback=reqwest_1482479996848
request client ip:  ::ffff:127.0.0.1
request query:  {"ids":"[\"585001ade120343dd39d601a\",\"585001aae120343dd39d6019\",\"585001a7e120343dd39d6018\",\"585001a3e120343dd39d6017\",\"5850019fe120343dd39d6016\",\"584bc9612292682433c82c4e\",\"584c02e7d8e72325f287a01f\",\"584d568c6b434a30e5773d70\",\"584d56af6b434a30e5773d72\",\"584d56bf6b434a30e5773d73\",\"584e6b80db57a6350909adc0\",\"584e81472f64743621f4789f\"]","pageSize":"10","offset":"0","callback":"reqwest_1482479996848"}
response time: 6
response status: 200
response body: 
"reqwest_1482479996848({\"code\":0,\"message\":\"success\",\"data\":{\"total\":12,\"data\":[{\"_id\":\"585001ade120343dd39d601a\",\"title\":\"农家书屋测试文章8\",\"desc\":\"发发舒服撒风萨法发生发发舒服撒风萨法发生发发舒服撒风萨法发生\",\"date\":\"2016-12-14\",\"url\":\"http://www.zmwhzhihui.com/wzxq?id=585001ade120343dd39d601a\"},{\"_id\":\"585001aae120343dd39d6019\",\"title\":\"农家书屋测试文章7\",\"desc\":\"发发舒服撒风萨法发生发发舒服撒风萨法发生发发舒服撒风萨法发生\",\"date\":\"2016-12-14\",\"url\":\"http://www.zmwhzhihui.com/wzxq?id=585001aae120343dd39d6019\"},{\"_id\":\"585001a7e120343dd39d6018\",\"title\":\"农家书屋测试文章6\",\"desc\":\"发发舒服撒风萨法发生发发舒服撒风萨法发生发发舒服撒风萨法发生\",\"date\":\"2016-12-14\",\"url\":\"http://www.zmwhzhihui.com/wzxq?id=585001a7e120343dd39d6018\"},{\"_id\":\"585001a3e120343dd39d6017\",\"title\":\"农家书屋测试文章5\",\"desc\":\"发发舒服撒风萨法发生发发舒服撒风萨法发生发发舒服撒风萨法发生\",\"date\":\"2016-12-14\",\"url\":\"http://www.zmwhzhihui.com/wzxq?id=585001a3e120343dd39d6017\"},{\"_id\":\"5850019fe120343dd39d6016\",\"title\":\"农家书屋测试文章4\",\"desc\":\"发发舒服撒风萨法发生发发舒服撒风萨法发生发发舒服撒风萨法发生\",\"date\":\"2016-12-14\",\"url\":\"http://www.zmwhzhihui.com/wzxq?id=5850019fe120343dd39d6016\"},{\"_id\":\"584e81472f64743621f4789f\",\"title\":\"测试 哈哈哈\",\"desc\":\"d大大的d大大的d大大的d大大的d大大的d大大的d大大的d大\",\"date\":\"2016-12-14\",\"url\":\"http://www.zmwhzhihui.com/wzxq?id=584e81472f64743621f4789f\"},{\"_id\":\"584e6b80db57a6350909adc0\",\"title\":\"政策解读\",\"desc\":\"什么鬼\",\"date\":\"2016-12-12\",\"url\":\"http://www.zmwhzhihui.com/wzxq?id=584e6b80db57a6350909adc0\"},{\"_id\":\"584d56bf6b434a30e5773d73\",\"title\":\"你好\",\"desc\":\"你好啊大地\",\"date\":\"2016-12-11\",\"url\":\"http://www.zmwhzhihui.com/wzxq?id=584d56bf6b434a30e5773d73\"},{\"_id\":\"584d56af6b434a30e5773d72\",\"title\":\"精准扶贫3\",\"desc\":\"11313131313\",\"date\":\"2016-12-11\",\"url\":\"http://www.zmwhzhihui.com/wzxq?id=584d56af6b434a30e5773d72\"},{\"_id\":\"584d568c6b434a30e5773d70\",\"title\":\"精准扶贫1\",\"desc\":\"精准扶贫1111111\",\"date\":\"2016-12-11\",\"url\":\"http://www.zmwhzhihui.com/wzxq?id=584d568c6b434a30e5773d70\"}]}})"
*************** response log end ***************

[2016-12-23 15:59:58.552] [INFO] resLogger - 
*************** response log start ***************
request method: GET
request originalUrl:  /api/article/feeds?ids=%5B%22585001ade120343dd39d601a%22%2C%22585001aae120343dd39d6019%22%2C%22585001a7e120343dd39d6018%22%2C%22585001a3e120343dd39d6017%22%2C%225850019fe120343dd39d6016%22%2C%22584bc9612292682433c82c4e%22%2C%22584c02e7d8e72325f287a01f%22%2C%22584d568c6b434a30e5773d70%22%2C%22584d56af6b434a30e5773d72%22%2C%22584d56bf6b434a30e5773d73%22%2C%22584e6b80db57a6350909adc0%22%2C%22584e81472f64743621f4789f%22%5D&offset=10&pageSize=10&callback=reqwest_1482479996848
request client ip:  ::ffff:127.0.0.1
request query:  {"ids":"[\"585001ade120343dd39d601a\",\"585001aae120343dd39d6019\",\"585001a7e120343dd39d6018\",\"585001a3e120343dd39d6017\",\"5850019fe120343dd39d6016\",\"584bc9612292682433c82c4e\",\"584c02e7d8e72325f287a01f\",\"584d568c6b434a30e5773d70\",\"584d56af6b434a30e5773d72\",\"584d56bf6b434a30e5773d73\",\"584e6b80db57a6350909adc0\",\"584e81472f64743621f4789f\"]","offset":"10","pageSize":"10","callback":"reqwest_1482479996848"}
response time: 4
response status: 200
response body: 
"reqwest_1482479996848({\"code\":0,\"message\":\"success\",\"data\":{\"total\":12,\"data\":[{\"_id\":\"584c02e7d8e72325f287a01f\",\"title\":\"测试\",\"desc\":\"哈哈哈哈哈哈是车上\",\"date\":\"2016-12-10\",\"url\":\"http://www.zmwhzhihui.com/wzxq?id=584c02e7d8e72325f287a01f\"},{\"_id\":\"584bc9612292682433c82c4e\",\"title\":\"美丽人生\",\"desc\":\"美丽的人生不需要解释\",\"date\":\"2016-12-10\",\"url\":\"http://www.zmwhzhihui.com/wzxq?id=584bc9612292682433c82c4e\"}]}})"
*************** response log end ***************

