[2016-12-21 17:11:56.690] [INFO] resLogger - 
*************** response log start ***************
request method: GET
request originalUrl:  /api/file/list?type=image&env=front
request client ip:  ::1
request query:  {"type":"image","env":"front"}
response time: 7
response status: 200
response body: 
{"code":0,"message":"success","data":{"data":[],"total":0}}
*************** response log end ***************

[2016-12-21 17:11:57.006] [INFO] resLogger - 
*************** response log start ***************
request method: GET
request originalUrl:  /api/file/list?type=image&env=front
request client ip:  ::1
request query:  {"type":"image","env":"front"}
response time: 2
response status: 200
response body: 
{"code":0,"message":"success","data":{"data":[],"total":0}}
*************** response log end ***************

[2016-12-21 17:12:44.249] [INFO] resLogger - 
*************** response log start ***************
request method: GET
request originalUrl:  /api/file/list?type=image&env=front
request client ip:  ::1
request query:  {"type":"image","env":"front"}
response time: 8
response status: 200
response body: 
{"code":0,"message":"success","data":{"data":[],"total":0}}
*************** response log end ***************

[2016-12-21 17:13:04.015] [INFO] resLogger - 
*************** response log start ***************
request method: GET
request originalUrl:  /api/file/list?type=image&env=front
request client ip:  ::1
request query:  {"type":"image","env":"front"}
response time: 9
response status: 200
response body: 
{"code":0,"message":"success","data":{"data":[],"total":0}}
*************** response log end ***************

[2016-12-21 17:13:08.438] [INFO] resLogger - 
*************** response log start ***************
request method: GET
request originalUrl:  /api/file/list?type=image&env=front
request client ip:  ::1
request query:  {"type":"image","env":"front"}
response time: 1
response status: 200
response body: 
{"code":0,"message":"success","data":{"data":[],"total":0}}
*************** response log end ***************

[2016-12-21 17:13:09.181] [INFO] resLogger - 
*************** response log start ***************
request method: GET
request originalUrl:  /api/file/list?type=image&env=front
request client ip:  ::1
request query:  {"type":"image","env":"front"}
response time: 2
response status: 200
response body: 
{"code":0,"message":"success","data":{"data":[],"total":0}}
*************** response log end ***************

[2016-12-21 17:14:58.489] [INFO] resLogger - 
*************** response log start ***************
request method: GET
request originalUrl:  /api/file/list?type=image&env=front
request client ip:  ::1
request query:  {"type":"image","env":"front"}
response time: 19
response status: 200
response body: 
{"code":0,"message":"success","data":{"data":[],"total":0}}
*************** response log end ***************

[2016-12-21 17:15:31.642] [INFO] resLogger - 
*************** response log start ***************
request method: GET
request originalUrl:  /api/file/list?type=image&env=front
request client ip:  ::1
request query:  {"type":"image","env":"front"}
response time: 9
response status: 200
response body: 
{"code":0,"message":"success","data":{"data":[{"url":"http://test.qq.com:3000/pictures/2016-12-21/111.png"},{"url":"http://test.qq.com:3000/pictures/2016-12-21/1782761616.jpg"},{"url":"http://test.qq.com:3000/pictures/2016-12-21/1x.jpg"},{"url":"http://test.qq.com:3000/pictures/2016-12-21/2x.jpg"},{"url":"http://test.qq.com:3000/pictures/2016-12-21/3x.jpg"},{"url":"http://test.qq.com:3000/pictures/2016-12-21/microMsg.1480149456959.jpg"},{"url":"http://test.qq.com:3000/pictures/2016-12-21/microMsg.1481259955854.jpg"},{"url":"http://test.qq.com:3000/pictures/2016-12-21/microMsg.1481975674800.jpg"},{"url":"http://test.qq.com:3000/pictures/2016-12-21/mmexport1481375067720.jpg"},{"url":"http://test.qq.com:3000/pictures/2016-12-21/mmexport1481457419633.jpg"},{"url":"http://test.qq.com:3000/pictures/2016-12-21/mmexport1481863870526.jpg"},{"url":"http://test.qq.com:3000/pictures/2016-12-21/mmexport1482076655271.jpg"},{"url":"http://test.qq.com:3000/pictures/2016-12-21/totop.png"}],"total":13}}
*************** response log end ***************

[2016-12-21 17:15:58.798] [INFO] resLogger - 
*************** response log start ***************
request method: GET
request originalUrl:  /api/file/list?type=image&env=admin
request client ip:  ::1
request query:  {"type":"image","env":"admin"}
response time: 8
response status: 200
response body: 
{"code":0,"message":"success","data":{"data":[{"url":"http://test.qq.com:3000/images/2016-12-18/hehe.png"},{"url":"http://test.qq.com:3000/images/2016-12-19/1x.jpg"},{"url":"http://test.qq.com:3000/images/2016-12-19/2x.jpg"},{"url":"http://test.qq.com:3000/images/2016-12-19/3x.jpg"},{"url":"http://test.qq.com:3000/images/2016-12-19/icon-me.png"},{"url":"http://test.qq.com:3000/images/2016-12-20/1x.jpg"},{"url":"http://test.qq.com:3000/images/2016-12-20/Group 22.png"},{"url":"http://test.qq.com:3000/images/2016-12-20/粉丝趴双12页头.png"},{"url":"http://test.qq.com:3000/images/2016-12-20/红包.png"},{"url":"http://test.qq.com:3000/images/2016-12-21/111.png"},{"url":"http://test.qq.com:3000/images/2016-12-21/left.png"}],"total":11}}
*************** response log end ***************

[2016-12-21 17:16:08.782] [INFO] resLogger - 
*************** response log start ***************
request method: GET
request originalUrl:  /api/file/list?type=image&env=admin&offset=1
request client ip:  ::1
request query:  {"type":"image","env":"admin","offset":"1"}
response time: 2
response status: 200
response body: 
{"code":0,"message":"success","data":{"data":[{"url":"http://test.qq.com:3000/images/2016-12-19/1x.jpg"},{"url":"http://test.qq.com:3000/images/2016-12-19/2x.jpg"},{"url":"http://test.qq.com:3000/images/2016-12-19/3x.jpg"},{"url":"http://test.qq.com:3000/images/2016-12-19/icon-me.png"},{"url":"http://test.qq.com:3000/images/2016-12-20/1x.jpg"},{"url":"http://test.qq.com:3000/images/2016-12-20/Group 22.png"},{"url":"http://test.qq.com:3000/images/2016-12-20/粉丝趴双12页头.png"},{"url":"http://test.qq.com:3000/images/2016-12-20/红包.png"},{"url":"http://test.qq.com:3000/images/2016-12-21/111.png"},{"url":"http://test.qq.com:3000/images/2016-12-21/left.png"}],"total":11}}
*************** response log end ***************

[2016-12-21 17:16:14.166] [INFO] resLogger - 
*************** response log start ***************
request method: GET
request originalUrl:  /api/file/list?type=image&env=admin&offset=0
request client ip:  ::1
request query:  {"type":"image","env":"admin","offset":"0"}
response time: 2
response status: 200
response body: 
{"code":0,"message":"success","data":{"data":[{"url":"http://test.qq.com:3000/images/2016-12-18/hehe.png"},{"url":"http://test.qq.com:3000/images/2016-12-19/1x.jpg"},{"url":"http://test.qq.com:3000/images/2016-12-19/2x.jpg"},{"url":"http://test.qq.com:3000/images/2016-12-19/3x.jpg"},{"url":"http://test.qq.com:3000/images/2016-12-19/icon-me.png"},{"url":"http://test.qq.com:3000/images/2016-12-20/1x.jpg"},{"url":"http://test.qq.com:3000/images/2016-12-20/Group 22.png"},{"url":"http://test.qq.com:3000/images/2016-12-20/粉丝趴双12页头.png"},{"url":"http://test.qq.com:3000/images/2016-12-20/红包.png"},{"url":"http://test.qq.com:3000/images/2016-12-21/111.png"},{"url":"http://test.qq.com:3000/images/2016-12-21/left.png"}],"total":11}}
*************** response log end ***************

[2016-12-21 17:16:21.563] [INFO] resLogger - 
*************** response log start ***************
request method: GET
request originalUrl:  /api/file/list?type=image&env=admin&offset=0&pageSize=3
request client ip:  ::1
request query:  {"type":"image","env":"admin","offset":"0","pageSize":"3"}
response time: 1
response status: 200
response body: 
{"code":0,"message":"success","data":{"data":[{"url":"http://test.qq.com:3000/images/2016-12-18/hehe.png"},{"url":"http://test.qq.com:3000/images/2016-12-19/1x.jpg"},{"url":"http://test.qq.com:3000/images/2016-12-19/2x.jpg"}],"total":11}}
*************** response log end ***************

[2016-12-21 17:16:27.501] [INFO] resLogger - 
*************** response log start ***************
request method: GET
request originalUrl:  /api/file/list?type=image&env=admin&offset=2&pageSize=3
request client ip:  ::1
request query:  {"type":"image","env":"admin","offset":"2","pageSize":"3"}
response time: 2
response status: 200
response body: 
{"code":0,"message":"success","data":{"data":[{"url":"http://test.qq.com:3000/images/2016-12-19/2x.jpg"},{"url":"http://test.qq.com:3000/images/2016-12-19/3x.jpg"},{"url":"http://test.qq.com:3000/images/2016-12-19/icon-me.png"}],"total":11}}
*************** response log end ***************

[2016-12-21 17:27:16.594] [INFO] resLogger - 
*************** response log start ***************
request method: GET
request originalUrl:  /api/file/list?type=image&env=front
request client ip:  ::1
request query:  {"type":"image","env":"front"}
response time: 20
response status: 200
response body: 
{"code":0,"message":"success","data":{"data":[{"url":"http://test.qq.com:3000/pictures/2016-12-21/111.png"},{"url":"http://test.qq.com:3000/pictures/2016-12-21/1782761616.jpg"},{"url":"http://test.qq.com:3000/pictures/2016-12-21/1x.jpg"},{"url":"http://test.qq.com:3000/pictures/2016-12-21/2x.jpg"},{"url":"http://test.qq.com:3000/pictures/2016-12-21/3x.jpg"},{"url":"http://test.qq.com:3000/pictures/2016-12-21/microMsg.1480149456959.jpg"},{"url":"http://test.qq.com:3000/pictures/2016-12-21/microMsg.1481259955854.jpg"},{"url":"http://test.qq.com:3000/pictures/2016-12-21/microMsg.1481975674800.jpg"},{"url":"http://test.qq.com:3000/pictures/2016-12-21/mmexport1481375067720.jpg"},{"url":"http://test.qq.com:3000/pictures/2016-12-21/mmexport1481457419633.jpg"},{"url":"http://test.qq.com:3000/pictures/2016-12-21/mmexport1481863870526.jpg"},{"url":"http://test.qq.com:3000/pictures/2016-12-21/mmexport1482076655271.jpg"},{"url":"http://test.qq.com:3000/pictures/2016-12-21/totop.png"}],"total":13}}
*************** response log end ***************

[2016-12-21 17:27:49.148] [INFO] resLogger - 
*************** response log start ***************
request method: GET
request originalUrl:  /api/file/list?type=image&env=front
request client ip:  ::1
request query:  {"type":"image","env":"front"}
response time: 25
response status: 200
response body: 
{"code":0,"message":"success","data":{"data":[{"url":"http://test.qq.com:3000/pictures/2016-12-21/111.png"},{"url":"http://test.qq.com:3000/pictures/2016-12-21/1782761616.jpg"},{"url":"http://test.qq.com:3000/pictures/2016-12-21/1x.jpg"},{"url":"http://test.qq.com:3000/pictures/2016-12-21/2x.jpg"},{"url":"http://test.qq.com:3000/pictures/2016-12-21/3x.jpg"},{"url":"http://test.qq.com:3000/pictures/2016-12-21/microMsg.1480149456959.jpg"},{"url":"http://test.qq.com:3000/pictures/2016-12-21/microMsg.1481259955854.jpg"},{"url":"http://test.qq.com:3000/pictures/2016-12-21/microMsg.1481975674800.jpg"},{"url":"http://test.qq.com:3000/pictures/2016-12-21/mmexport1481375067720.jpg"},{"url":"http://test.qq.com:3000/pictures/2016-12-21/mmexport1481457419633.jpg"},{"url":"http://test.qq.com:3000/pictures/2016-12-21/mmexport1481863870526.jpg"},{"url":"http://test.qq.com:3000/pictures/2016-12-21/mmexport1482076655271.jpg"},{"url":"http://test.qq.com:3000/pictures/2016-12-21/totop.png"}],"total":13}}
*************** response log end ***************

[2016-12-21 17:29:17.749] [INFO] resLogger - 
*************** response log start ***************
request method: GET
request originalUrl:  /api/file/list?type=image&env=front
request client ip:  ::1
request query:  {"type":"image","env":"front"}
response time: 10
response status: 200
response body: 
{"code":0,"message":"success","data":{"data":[{"url":"http://test.qq.com:3000/pictures/2016-12-21/111.png"},{"url":"http://test.qq.com:3000/pictures/2016-12-21/1782761616.jpg"},{"url":"http://test.qq.com:3000/pictures/2016-12-21/1x.jpg"},{"url":"http://test.qq.com:3000/pictures/2016-12-21/2x.jpg"},{"url":"http://test.qq.com:3000/pictures/2016-12-21/3x.jpg"},{"url":"http://test.qq.com:3000/pictures/2016-12-21/microMsg.1480149456959.jpg"},{"url":"http://test.qq.com:3000/pictures/2016-12-21/microMsg.1481259955854.jpg"},{"url":"http://test.qq.com:3000/pictures/2016-12-21/microMsg.1481975674800.jpg"},{"url":"http://test.qq.com:3000/pictures/2016-12-21/mmexport1481375067720.jpg"},{"url":"http://test.qq.com:3000/pictures/2016-12-21/mmexport1481457419633.jpg"},{"url":"http://test.qq.com:3000/pictures/2016-12-21/mmexport1481863870526.jpg"},{"url":"http://test.qq.com:3000/pictures/2016-12-21/mmexport1482076655271.jpg"},{"url":"http://test.qq.com:3000/pictures/2016-12-21/totop.png"}],"total":13}}
*************** response log end ***************

[2016-12-21 17:29:42.980] [INFO] resLogger - 
*************** response log start ***************
request method: GET
request originalUrl:  /api/file/list?type=image&env=front
request client ip:  ::1
request query:  {"type":"image","env":"front"}
response time: 25
response status: 200
response body: 
{"code":0,"message":"success","data":{"data":[{"url":"http://test.qq.com:3000/pictures/2016-12-21/111.png"},{"url":"http://test.qq.com:3000/pictures/2016-12-21/1782761616.jpg"},{"url":"http://test.qq.com:3000/pictures/2016-12-21/1x.jpg"},{"url":"http://test.qq.com:3000/pictures/2016-12-21/2x.jpg"},{"url":"http://test.qq.com:3000/pictures/2016-12-21/3x.jpg"},{"url":"http://test.qq.com:3000/pictures/2016-12-21/microMsg.1480149456959.jpg"},{"url":"http://test.qq.com:3000/pictures/2016-12-21/microMsg.1481259955854.jpg"},{"url":"http://test.qq.com:3000/pictures/2016-12-21/microMsg.1481975674800.jpg"},{"url":"http://test.qq.com:3000/pictures/2016-12-21/mmexport1481375067720.jpg"},{"url":"http://test.qq.com:3000/pictures/2016-12-21/mmexport1481457419633.jpg"},{"url":"http://test.qq.com:3000/pictures/2016-12-21/mmexport1481863870526.jpg"},{"url":"http://test.qq.com:3000/pictures/2016-12-21/mmexport1482076655271.jpg"},{"url":"http://test.qq.com:3000/pictures/2016-12-21/totop.png"}],"total":13}}
*************** response log end ***************

[2016-12-21 17:29:54.982] [INFO] resLogger - 
*************** response log start ***************
request method: GET
request originalUrl:  /api/file/list?type=image&env=front
request client ip:  ::1
request query:  {"type":"image","env":"front"}
response time: 26
response status: 200
response body: 
{"code":0,"message":"success","data":{"data":[{"url":"http://test.qq.com:3000/pictures/2016-12-21/111.png"},{"url":"http://test.qq.com:3000/pictures/2016-12-21/1782761616.jpg"},{"url":"http://test.qq.com:3000/pictures/2016-12-21/1x.jpg"},{"url":"http://test.qq.com:3000/pictures/2016-12-21/2x.jpg"},{"url":"http://test.qq.com:3000/pictures/2016-12-21/3x.jpg"},{"url":"http://test.qq.com:3000/pictures/2016-12-21/microMsg.1480149456959.jpg"},{"url":"http://test.qq.com:3000/pictures/2016-12-21/microMsg.1481259955854.jpg"},{"url":"http://test.qq.com:3000/pictures/2016-12-21/microMsg.1481975674800.jpg"},{"url":"http://test.qq.com:3000/pictures/2016-12-21/mmexport1481375067720.jpg"},{"url":"http://test.qq.com:3000/pictures/2016-12-21/mmexport1481457419633.jpg"},{"url":"http://test.qq.com:3000/pictures/2016-12-21/mmexport1481863870526.jpg"},{"url":"http://test.qq.com:3000/pictures/2016-12-21/mmexport1482076655271.jpg"},{"url":"http://test.qq.com:3000/pictures/2016-12-21/totop.png"}],"total":13}}
*************** response log end ***************

[2016-12-21 17:29:55.215] [INFO] resLogger - 
*************** response log start ***************
request method: GET
request originalUrl:  /api/file/list?type=image&env=front
request client ip:  ::1
request query:  {"type":"image","env":"front"}
response time: 3
response status: 200
response body: 
{"code":0,"message":"success","data":{"data":[{"url":"http://test.qq.com:3000/pictures/2016-12-21/111.png"},{"url":"http://test.qq.com:3000/pictures/2016-12-21/1782761616.jpg"},{"url":"http://test.qq.com:3000/pictures/2016-12-21/1x.jpg"},{"url":"http://test.qq.com:3000/pictures/2016-12-21/2x.jpg"},{"url":"http://test.qq.com:3000/pictures/2016-12-21/3x.jpg"},{"url":"http://test.qq.com:3000/pictures/2016-12-21/microMsg.1480149456959.jpg"},{"url":"http://test.qq.com:3000/pictures/2016-12-21/microMsg.1481259955854.jpg"},{"url":"http://test.qq.com:3000/pictures/2016-12-21/microMsg.1481975674800.jpg"},{"url":"http://test.qq.com:3000/pictures/2016-12-21/mmexport1481375067720.jpg"},{"url":"http://test.qq.com:3000/pictures/2016-12-21/mmexport1481457419633.jpg"},{"url":"http://test.qq.com:3000/pictures/2016-12-21/mmexport1481863870526.jpg"},{"url":"http://test.qq.com:3000/pictures/2016-12-21/mmexport1482076655271.jpg"},{"url":"http://test.qq.com:3000/pictures/2016-12-21/totop.png"}],"total":13}}
*************** response log end ***************

