[2016-12-22 10:46:45.309] [INFO] resLogger - 
*************** response log start ***************
request method: GET
request originalUrl:  /
request client ip:  ::1
request query:  {}
response time: 269
response status: 200
response body: 
"<!DOCTYPE html><html><head><title>智慧乡村</title><meta charset=\"utf-8\"><meta name=\"viewport\" content=\"width=device-width,initial-scale=1,maximum-scale=1,user-scalable=no\"><link rel=\"stylesheet\" href=\"/stylesheets/front/style.min.css\"><script src=\"//cdn.bootcss.com/react/15.3.2/react.min.js\"></script><script src=\"//cdn.bootcss.com/react/15.3.2/react-dom.min.js\"></script></head><body><div id=\"loading\" class=\"css-loading\"><div class=\"css-dot\"></div><div class=\"css-dot\"></div><div class=\"css-dot\"></div></div><div id=\"page_holder\"><div class=\"css-loading\"><div class=\"css-dot\"></div><div class=\"css-dot\"></div><div class=\"css-dot\"></div></div></div><script src=\"/javascripts/front-home_page.js\"></script></body></html>"
*************** response log end ***************

[2016-12-22 10:46:45.458] [INFO] resLogger - 
*************** response log start ***************
request method: GET
request originalUrl:  /api/page/get?name=home&callback=reqwest_1482374805410
request client ip:  ::ffff:127.0.0.1
request query:  {"name":"home","callback":"reqwest_1482374805410"}
response time: 17
response status: 200
response body: 
"reqwest_1482374805410({\"code\":0,\"message\":\"success\",\"data\":{\"_id\":\"5857fdfe1247be4c153dc39e\",\"name\":\"home\",\"text\":\"网站首页\",\"url\":\"/\",\"desc\":\"江西赣州人民政府，是全心全意为人民服务的政府,\",\"tabs\":[],\"banners\":[{\"_id\":\"5857feaf3c5a3a4c1de60ba5\",\"url\":\"www.baidu.com\",\"img\":\"https://img.alicdn.com/tfscom/TB1VkY0OFXXXXXJaFXXSutbFXXX.jpg\"},{\"_id\":\"5857feaf3c5a3a4c1de60ba4\",\"url\":\"www.tm.com\",\"img\":\"http://img.alicdn.com/tfscom/TB1C8EGOpXXXXX0XVXXSutbFXXX.jpg\"}],\"__v\":0}})"
*************** response log end ***************

