[2016-12-23 16:00:03.386] [INFO] resLogger - 
*************** response log start ***************
request method: GET
request originalUrl:  /api/page/get?name=home&callback=reqwest_1482480003365
request client ip:  ::ffff:127.0.0.1
request query:  {"name":"home","callback":"reqwest_1482480003365"}
response time: 3
response status: 200
response body: 
"reqwest_1482480003365({\"code\":0,\"message\":\"success\",\"data\":{\"_id\":\"5857fdfe1247be4c153dc39e\",\"name\":\"home\",\"text\":\"网站首页\",\"url\":\"/\",\"desc\":\"江西赣州人民政府，是全心全意为人民服务的政府,\",\"tabs\":[],\"banners\":[{\"_id\":\"5857feaf3c5a3a4c1de60ba5\",\"url\":\"www.baidu.com\",\"img\":\"https://img.alicdn.com/tfscom/TB1VkY0OFXXXXXJaFXXSutbFXXX.jpg\"},{\"_id\":\"5857feaf3c5a3a4c1de60ba4\",\"url\":\"www.tm.com\",\"img\":\"http://img.alicdn.com/tfscom/TB1C8EGOpXXXXX0XVXXSutbFXXX.jpg\"}],\"__v\":0}})"
*************** response log end ***************

[2016-12-23 16:00:03.523] [INFO] resLogger - 
*************** response log start ***************
request method: GET
request originalUrl:  /api/article/feeds?ids=%5B%22585001ade120343dd39d601a%22%2C%22585001aae120343dd39d6019%22%2C%22585001a7e120343dd39d6018%22%2C%22585001a3e120343dd39d6017%22%2C%225850019fe120343dd39d6016%22%2C%22584bc9612292682433c82c4e%22%2C%22584c02e7d8e72325f287a01f%22%2C%22584d568c6b434a30e5773d70%22%2C%22584d56af6b434a30e5773d72%22%2C%22584d56bf6b434a30e5773d73%22%2C%22584e6b80db57a6350909adc0%22%2C%22584e81472f64743621f4789f%22%5D&pageSize=10&offset=0&callback=reqwest_1482480003365
request client ip:  ::ffff:127.0.0.1
request query:  {"ids":"[\"585001ade120343dd39d601a\",\"585001aae120343dd39d6019\",\"585001a7e120343dd39d6018\",\"585001a3e120343dd39d6017\",\"5850019fe120343dd39d6016\",\"584bc9612292682433c82c4e\",\"584c02e7d8e72325f287a01f\",\"584d568c6b434a30e5773d70\",\"584d56af6b434a30e5773d72\",\"584d56bf6b434a30e5773d73\",\"584e6b80db57a6350909adc0\",\"584e81472f64743621f4789f\"]","pageSize":"10","offset":"0","callback":"reqwest_1482480003365"}
response time: 6
response status: 200
response body: 
"reqwest_1482480003365({\"code\":0,\"message\":\"success\",\"data\":{\"total\":12,\"data\":[{\"_id\":\"585001ade120343dd39d601a\",\"title\":\"农家书屋测试文章8\",\"desc\":\"发发舒服撒风萨法发生发发舒服撒风萨法发生发发舒服撒风萨法发生\",\"date\":\"2016-12-14\",\"url\":\"http://www.zmwhzhihui.com/wzxq?id=585001ade120343dd39d601a\"},{\"_id\":\"585001aae120343dd39d6019\",\"title\":\"农家书屋测试文章7\",\"desc\":\"发发舒服撒风萨法发生发发舒服撒风萨法发生发发舒服撒风萨法发生\",\"date\":\"2016-12-14\",\"url\":\"http://www.zmwhzhihui.com/wzxq?id=585001aae120343dd39d6019\"},{\"_id\":\"585001a7e120343dd39d6018\",\"title\":\"农家书屋测试文章6\",\"desc\":\"发发舒服撒风萨法发生发发舒服撒风萨法发生发发舒服撒风萨法发生\",\"date\":\"2016-12-14\",\"url\":\"http://www.zmwhzhihui.com/wzxq?id=585001a7e120343dd39d6018\"},{\"_id\":\"585001a3e120343dd39d6017\",\"title\":\"农家书屋测试文章5\",\"desc\":\"发发舒服撒风萨法发生发发舒服撒风萨法发生发发舒服撒风萨法发生\",\"date\":\"2016-12-14\",\"url\":\"http://www.zmwhzhihui.com/wzxq?id=585001a3e120343dd39d6017\"},{\"_id\":\"5850019fe120343dd39d6016\",\"title\":\"农家书屋测试文章4\",\"desc\":\"发发舒服撒风萨法发生发发舒服撒风萨法发生发发舒服撒风萨法发生\",\"date\":\"2016-12-14\",\"url\":\"http://www.zmwhzhihui.com/wzxq?id=5850019fe120343dd39d6016\"},{\"_id\":\"584e81472f64743621f4789f\",\"title\":\"测试 哈哈哈\",\"desc\":\"d大大的d大大的d大大的d大大的d大大的d大大的d大大的d大\",\"date\":\"2016-12-14\",\"url\":\"http://www.zmwhzhihui.com/wzxq?id=584e81472f64743621f4789f\"},{\"_id\":\"584e6b80db57a6350909adc0\",\"title\":\"政策解读\",\"desc\":\"什么鬼\",\"date\":\"2016-12-12\",\"url\":\"http://www.zmwhzhihui.com/wzxq?id=584e6b80db57a6350909adc0\"},{\"_id\":\"584d56bf6b434a30e5773d73\",\"title\":\"你好\",\"desc\":\"你好啊大地\",\"date\":\"2016-12-11\",\"url\":\"http://www.zmwhzhihui.com/wzxq?id=584d56bf6b434a30e5773d73\"},{\"_id\":\"584d56af6b434a30e5773d72\",\"title\":\"精准扶贫3\",\"desc\":\"11313131313\",\"date\":\"2016-12-11\",\"url\":\"http://www.zmwhzhihui.com/wzxq?id=584d56af6b434a30e5773d72\"},{\"_id\":\"584d568c6b434a30e5773d70\",\"title\":\"精准扶贫1\",\"desc\":\"精准扶贫1111111\",\"date\":\"2016-12-11\",\"url\":\"http://www.zmwhzhihui.com/wzxq?id=584d568c6b434a30e5773d70\"}]}})"
*************** response log end ***************

[2016-12-23 16:00:05.370] [INFO] resLogger - 
*************** response log start ***************
request method: GET
request originalUrl:  /api/article/feeds?ids=%5B%22585001ade120343dd39d601a%22%2C%22585001aae120343dd39d6019%22%2C%22585001a7e120343dd39d6018%22%2C%22585001a3e120343dd39d6017%22%2C%225850019fe120343dd39d6016%22%2C%22584bc9612292682433c82c4e%22%2C%22584c02e7d8e72325f287a01f%22%2C%22584d568c6b434a30e5773d70%22%2C%22584d56af6b434a30e5773d72%22%2C%22584d56bf6b434a30e5773d73%22%2C%22584e6b80db57a6350909adc0%22%2C%22584e81472f64743621f4789f%22%5D&offset=10&pageSize=10&callback=reqwest_1482480003365
request client ip:  ::ffff:127.0.0.1
request query:  {"ids":"[\"585001ade120343dd39d601a\",\"585001aae120343dd39d6019\",\"585001a7e120343dd39d6018\",\"585001a3e120343dd39d6017\",\"5850019fe120343dd39d6016\",\"584bc9612292682433c82c4e\",\"584c02e7d8e72325f287a01f\",\"584d568c6b434a30e5773d70\",\"584d56af6b434a30e5773d72\",\"584d56bf6b434a30e5773d73\",\"584e6b80db57a6350909adc0\",\"584e81472f64743621f4789f\"]","offset":"10","pageSize":"10","callback":"reqwest_1482480003365"}
response time: 4
response status: 200
response body: 
"reqwest_1482480003365({\"code\":0,\"message\":\"success\",\"data\":{\"total\":12,\"data\":[{\"_id\":\"584c02e7d8e72325f287a01f\",\"title\":\"测试\",\"desc\":\"哈哈哈哈哈哈是车上\",\"date\":\"2016-12-10\",\"url\":\"http://www.zmwhzhihui.com/wzxq?id=584c02e7d8e72325f287a01f\"},{\"_id\":\"584bc9612292682433c82c4e\",\"title\":\"美丽人生\",\"desc\":\"美丽的人生不需要解释\",\"date\":\"2016-12-10\",\"url\":\"http://www.zmwhzhihui.com/wzxq?id=584bc9612292682433c82c4e\"}]}})"
*************** response log end ***************

