0 info it worked if it ends with ok
1 verbose cli [ '/Users/brucetse/work/tmall/nvm/versions/node/v6.9.1/bin/node',
1 verbose cli   '/Users/brucetse/work/tmall/nvm/versions/node/v6.9.1/bin/npm',
1 verbose cli   'install',
1 verbose cli   'pm2@latest',
1 verbose cli   '-g' ]
2 info using npm@3.10.8
3 info using node@v6.9.1
4 silly loadCurrentTree Starting
5 silly install loadCurrentTree
6 silly install readGlobalPackageData
7 silly fetchPackageMetaData pm2@latest
8 silly fetchNamedPackageData pm2
9 silly mapToRegistry name pm2
10 silly mapToRegistry using default registry
11 silly mapToRegistry registry https://registry.npmjs.org/
12 silly mapToRegistry data Result {
12 silly mapToRegistry   raw: 'pm2',
12 silly mapToRegistry   scope: null,
12 silly mapToRegistry   escapedName: 'pm2',
12 silly mapToRegistry   name: 'pm2',
12 silly mapToRegistry   rawSpec: '',
12 silly mapToRegistry   spec: 'latest',
12 silly mapToRegistry   type: 'tag' }
13 silly mapToRegistry uri https://registry.npmjs.org/pm2
14 verbose request uri https://registry.npmjs.org/pm2
15 verbose request no auth needed
16 info attempt registry request try #1 at 20:49:04
17 verbose request id 52c6e3a545ac5e4a
18 verbose etag W/"5859975c-78d30"
19 verbose lastModified Tue, 20 Dec 2016 20:41:00 GMT
20 http request GET https://registry.npmjs.org/pm2
21 http 304 https://registry.npmjs.org/pm2
22 verbose headers { date: 'Thu, 22 Dec 2016 12:49:47 GMT',
22 verbose headers   via: '1.1 varnish',
22 verbose headers   'cache-control': 'max-age=300',
22 verbose headers   etag: 'W/"5859975c-78d30"',
22 verbose headers   age: '0',
22 verbose headers   connection: 'keep-alive',
22 verbose headers   'x-served-by': 'cache-nrt6127-NRT',
22 verbose headers   'x-cache': 'HIT',
22 verbose headers   'x-cache-hits': '1',
22 verbose headers   'x-timer': 'S1482410987.947898,VS0,VE119',
22 verbose headers   vary: 'Accept-Encoding' }
23 silly get cb [ 304,
23 silly get   { date: 'Thu, 22 Dec 2016 12:49:47 GMT',
23 silly get     via: '1.1 varnish',
23 silly get     'cache-control': 'max-age=300',
23 silly get     etag: 'W/"5859975c-78d30"',
23 silly get     age: '0',
23 silly get     connection: 'keep-alive',
23 silly get     'x-served-by': 'cache-nrt6127-NRT',
23 silly get     'x-cache': 'HIT',
23 silly get     'x-cache-hits': '1',
23 silly get     'x-timer': 'S1482410987.947898,VS0,VE119',
23 silly get     vary: 'Accept-Encoding' } ]
24 verbose etag https://registry.npmjs.org/pm2 from cache
25 verbose get saving pm2 to /Users/brucetse/.npm/registry.npmjs.org/pm2/.cache.json
26 verbose correctMkdir /Users/brucetse/.npm correctMkdir not in flight; initializing
27 silly install normalizeTree
28 silly loadCurrentTree Finishing
29 silly loadIdealTree Starting
30 silly install loadIdealTree
31 silly cloneCurrentTree Starting
32 silly install cloneCurrentTreeToIdealTree
33 silly cloneCurrentTree Finishing
34 silly loadShrinkwrap Starting
35 silly install loadShrinkwrap
36 silly loadShrinkwrap Finishing
37 silly loadAllDepsIntoIdealTree Starting
38 silly install loadAllDepsIntoIdealTree
39 silly resolveWithNewModule pm2@2.2.2 checking installable status
40 silly cache add args [ 'pm2@latest', null ]
41 verbose cache add spec pm2@latest
42 silly cache add parsed spec Result {
42 silly cache add   raw: 'pm2@latest',
42 silly cache add   scope: null,
42 silly cache add   escapedName: 'pm2',
42 silly cache add   name: 'pm2',
42 silly cache add   rawSpec: 'latest',
42 silly cache add   spec: 'latest',
42 silly cache add   type: 'tag' }
43 silly addNamed pm2@latest
44 verbose addNamed "latest" is being treated as a dist-tag for pm2
45 info addNameTag [ 'pm2', 'latest' ]
46 silly mapToRegistry name pm2
47 silly mapToRegistry using default registry
48 silly mapToRegistry registry https://registry.npmjs.org/
49 silly mapToRegistry data Result {
49 silly mapToRegistry   raw: 'pm2',
49 silly mapToRegistry   scope: null,
49 silly mapToRegistry   escapedName: 'pm2',
49 silly mapToRegistry   name: 'pm2',
49 silly mapToRegistry   rawSpec: '',
49 silly mapToRegistry   spec: 'latest',
49 silly mapToRegistry   type: 'tag' }
50 silly mapToRegistry uri https://registry.npmjs.org/pm2
51 verbose addNameTag registry:https://registry.npmjs.org/pm2 not in flight; fetching
52 verbose get https://registry.npmjs.org/pm2 not expired, no request
53 silly addNameTag next cb for pm2 with tag latest
54 silly addNamed pm2@2.2.2
55 verbose addNamed "2.2.2" is a plain semver version for pm2
56 silly mapToRegistry name pm2
57 silly mapToRegistry using default registry
58 silly mapToRegistry registry https://registry.npmjs.org/
59 silly mapToRegistry data Result {
59 silly mapToRegistry   raw: 'pm2',
59 silly mapToRegistry   scope: null,
59 silly mapToRegistry   escapedName: 'pm2',
59 silly mapToRegistry   name: 'pm2',
59 silly mapToRegistry   rawSpec: '',
59 silly mapToRegistry   spec: 'latest',
59 silly mapToRegistry   type: 'tag' }
60 silly mapToRegistry uri https://registry.npmjs.org/pm2
61 verbose addRemoteTarball https://registry.npmjs.org/pm2/-/pm2-2.2.2.tgz not in flight; adding
62 verbose addRemoteTarball [ 'https://registry.npmjs.org/pm2/-/pm2-2.2.2.tgz',
62 verbose addRemoteTarball   '2ab4e63f6b85f2cd059cb533cef240100bd436f3' ]
63 info retry fetch attempt 1 at 20:49:47
64 info attempt registry request try #1 at 20:49:47
65 http fetch GET https://registry.npmjs.org/pm2/-/pm2-2.2.2.tgz
66 http fetch 200 https://registry.npmjs.org/pm2/-/pm2-2.2.2.tgz
67 info retry will retry, error on last attempt: Error: read ECONNRESET
68 silly fetchAndShaCheck shasum 2ab4e63f6b85f2cd059cb533cef240100bd436f3
69 silly rollbackFailedOptional Starting
70 silly rollbackFailedOptional Finishing
71 silly runTopLevelLifecycles Finishing
72 silly install printInstalled
73 verbose stack Error: shasum check failed for /var/folders/3_/8z3xx1s55d93rc180v9n8vfm0000gn/T/npm-31717-347485b2/registry.npmjs.org/pm2/-/pm2-2.2.2.tgz
73 verbose stack Expected: 2ab4e63f6b85f2cd059cb533cef240100bd436f3
73 verbose stack Actual:   710b927c4afc5e13aa862528d509d6c566894721
73 verbose stack From:     https://registry.npmjs.org/pm2/-/pm2-2.2.2.tgz
73 verbose stack     at /Users/brucetse/work/tmall/nvm/versions/node/v6.9.1/lib/node_modules/npm/node_modules/sha/index.js:25:8
73 verbose stack     at ReadStream.<anonymous> (/Users/brucetse/work/tmall/nvm/versions/node/v6.9.1/lib/node_modules/npm/node_modules/sha/index.js:72:7)
73 verbose stack     at emitNone (events.js:91:20)
73 verbose stack     at ReadStream.emit (events.js:185:7)
73 verbose stack     at endReadableNT (_stream_readable.js:974:12)
73 verbose stack     at _combinedTickCallback (internal/process/next_tick.js:74:11)
73 verbose stack     at process._tickCallback (internal/process/next_tick.js:98:9)
74 verbose cwd /Users/brucetse/work/self/smartvilage1
75 error Darwin 14.5.0
76 error argv "/Users/brucetse/work/tmall/nvm/versions/node/v6.9.1/bin/node" "/Users/brucetse/work/tmall/nvm/versions/node/v6.9.1/bin/npm" "install" "pm2@latest" "-g"
77 error node v6.9.1
78 error npm  v3.10.8
79 error shasum check failed for /var/folders/3_/8z3xx1s55d93rc180v9n8vfm0000gn/T/npm-31717-347485b2/registry.npmjs.org/pm2/-/pm2-2.2.2.tgz
79 error Expected: 2ab4e63f6b85f2cd059cb533cef240100bd436f3
79 error Actual:   710b927c4afc5e13aa862528d509d6c566894721
79 error From:     https://registry.npmjs.org/pm2/-/pm2-2.2.2.tgz
80 error If you need help, you may report this error at:
80 error     <https://github.com/npm/npm/issues>
81 verbose exit [ 1, true ]
