[2016-12-22 23:05:03.643] [ERROR] errorLogger - 
*************** error log start ***************
request method: POST
request originalUrl:  /api/user/login
request client ip:  ::ffff:127.0.0.1
request body: 
{"account":"13580514437","password":"brucexie1993"}
response time: 12
err name: userNotExist
err message: 用户不存在
err stack: userNotExist: 用户不存在
    at ApiError (/Users/brucetse/work/self/smartvilage1/app/error/api-error.js:9:9)
    at /Users/brucetse/work/self/smartvilage1/app/controllers/user-controller.js:229:19
    at next (native)
    at step (/Users/brucetse/work/self/smartvilage1/app/controllers/user-controller.js:13:191)
    at /Users/brucetse/work/self/smartvilage1/app/controllers/user-controller.js:13:361
    at run (/Users/brucetse/work/self/smartvilage1/node_modules/core-js/modules/es6.promise.js:87:22)
    at /Users/brucetse/work/self/smartvilage1/node_modules/core-js/modules/es6.promise.js:100:28
    at flush (/Users/brucetse/work/self/smartvilage1/node_modules/core-js/modules/_microtask.js:18:9)
    at doNTCallback0 (node.js:419:9)
    at process._tickCallback (node.js:348:13)
*************** error log end ***************

[2016-12-22 23:05:06.596] [ERROR] errorLogger - 
*************** error log start ***************
request method: POST
request originalUrl:  /api/user/login
request client ip:  ::ffff:127.0.0.1
request body: 
{"account":"13580514437","password":"brucexie1993"}
response time: 4
err name: userNotExist
err message: 用户不存在
err stack: userNotExist: 用户不存在
    at ApiError (/Users/brucetse/work/self/smartvilage1/app/error/api-error.js:9:9)
    at /Users/brucetse/work/self/smartvilage1/app/controllers/user-controller.js:229:19
    at next (native)
    at step (/Users/brucetse/work/self/smartvilage1/app/controllers/user-controller.js:13:191)
    at /Users/brucetse/work/self/smartvilage1/app/controllers/user-controller.js:13:361
    at run (/Users/brucetse/work/self/smartvilage1/node_modules/core-js/modules/es6.promise.js:87:22)
    at /Users/brucetse/work/self/smartvilage1/node_modules/core-js/modules/es6.promise.js:100:28
    at flush (/Users/brucetse/work/self/smartvilage1/node_modules/core-js/modules/_microtask.js:18:9)
    at doNTCallback0 (node.js:419:9)
    at process._tickCallback (node.js:348:13)
*************** error log end ***************

